#! /opt/homebrew/Cellar/icarus-verilog/12.0/bin/vvp
:ivl_version "12.0 (stable)";
:ivl_delay_selection "TYPICAL";
:vpi_time_precision + 0;
:vpi_module "/opt/homebrew/Cellar/icarus-verilog/12.0/lib/ivl/system.vpi";
:vpi_module "/opt/homebrew/Cellar/icarus-verilog/12.0/lib/ivl/vhdl_sys.vpi";
:vpi_module "/opt/homebrew/Cellar/icarus-verilog/12.0/lib/ivl/vhdl_textio.vpi";
:vpi_module "/opt/homebrew/Cellar/icarus-verilog/12.0/lib/ivl/v2005_math.vpi";
:vpi_module "/opt/homebrew/Cellar/icarus-verilog/12.0/lib/ivl/va_math.vpi";
S_0x145f60690 .scope module, "VGA_Test_Patterns_Top" "VGA_Test_Patterns_Top" 2 1;
 .timescale 0 0;
    .port_info 0 /INPUT 1 "clk_i";
    .port_info 1 /INPUT 1 "UART_RX_i";
    .port_info 2 /OUTPUT 1 "UART_TX_o";
    .port_info 3 /OUTPUT 1 "seg1_A_o";
    .port_info 4 /OUTPUT 1 "seg1_B_o";
    .port_info 5 /OUTPUT 1 "seg1_C_o";
    .port_info 6 /OUTPUT 1 "seg1_D_o";
    .port_info 7 /OUTPUT 1 "seg1_E_o";
    .port_info 8 /OUTPUT 1 "seg1_F_o";
    .port_info 9 /OUTPUT 1 "seg1_G_o";
    .port_info 10 /OUTPUT 1 "seg2_A_o";
    .port_info 11 /OUTPUT 1 "seg2_B_o";
    .port_info 12 /OUTPUT 1 "seg2_C_o";
    .port_info 13 /OUTPUT 1 "seg2_D_o";
    .port_info 14 /OUTPUT 1 "seg2_E_o";
    .port_info 15 /OUTPUT 1 "seg2_F_o";
    .port_info 16 /OUTPUT 1 "seg2_G_o";
    .port_info 17 /OUTPUT 1 "VGA_Hsync_o";
    .port_info 18 /OUTPUT 1 "VGA_Vsync_o";
    .port_info 19 /OUTPUT 1 "VGA_Red_0_o";
    .port_info 20 /OUTPUT 1 "VGA_Red_1_o";
    .port_info 21 /OUTPUT 1 "VGA_Red_2_o";
    .port_info 22 /OUTPUT 1 "VGA_Grn_0_o";
    .port_info 23 /OUTPUT 1 "VGA_Grn_1_o";
    .port_info 24 /OUTPUT 1 "VGA_Grn_2_o";
    .port_info 25 /OUTPUT 1 "VGA_Blu_0_o";
    .port_info 26 /OUTPUT 1 "VGA_Blu_1_o";
    .port_info 27 /OUTPUT 1 "VGA_Blu_2_o";
P_0x145f609d0 .param/l "ACTIVE_COLS" 0 2 45, +C4<00000000000000000000001010000000>;
P_0x145f60a10 .param/l "ACTIVE_ROWS" 0 2 46, +C4<00000000000000000000000111100000>;
P_0x145f60a50 .param/l "CLKS_PER_BIT" 0 2 39, +C4<00000000000000000000000011011001>;
P_0x145f60a90 .param/l "TOTAL_COLS" 0 2 43, +C4<00000000000000000000001100100000>;
P_0x145f60ad0 .param/l "TOTAL_ROWS" 0 2 44, +C4<00000000000000000000001000001101>;
P_0x145f60b10 .param/l "VIDEO_WIDTH" 0 2 42, +C4<00000000000000000000000000000011>;
L_0x145fa39f0 .functor NOT 7, L_0x145fa3950, C4<0000000>, C4<0000000>, C4<0000000>;
L_0x145fa4550 .functor NOT 7, L_0x145fa4a70, C4<0000000>, C4<0000000>, C4<0000000>;
L_0x145facd90 .functor BUFZ 1, v0x145f9ec30_0, C4<0>, C4<0>, C4<0>;
L_0x145face40 .functor BUFZ 1, v0x145f9ef00_0, C4<0>, C4<0>, C4<0>;
v0x145f9fa70_0 .net "Blu_Video_Porch_w", 2 0, v0x145f9f0f0_0;  1 drivers
v0x145f9fb40_0 .net "Blu_Video_TP_w", 2 0, v0x145f99fc0_0;  1 drivers
v0x145f9fbd0_0 .net "Grn_Video_Porch_w", 2 0, v0x145f9f540_0;  1 drivers
v0x145f9fc60_0 .net "Grn_Video_TP_w", 2 0, v0x145f9a1c0_0;  1 drivers
v0x145f9fd30_0 .net "Hsync_Start_w", 0 0, L_0x145fa4dd0;  1 drivers
v0x145f9fe00_0 .net "Hsync_TP_w", 0 0, v0x145f922d0_0;  1 drivers
v0x145f9fe90_0 .net "Hsync_porch_w", 0 0, v0x145f9ec30_0;  1 drivers
v0x145f9ff20_0 .net "Red_Video_Porch_w", 2 0, v0x145f9f6f0_0;  1 drivers
v0x145f9ffb0_0 .net "Red_Video_TP_w", 2 0, v0x145f9a8f0_0;  1 drivers
v0x145fa00c0_0 .var "Test_Pattern_r", 3 0;
o0x138043910 .functor BUFZ 1, C4<z>; HiZ drive
v0x145fa0160_0 .net "UART_RX_i", 0 0, o0x138043910;  0 drivers
v0x145fa0210_0 .net "UART_TX_o", 0 0, L_0x145fa29a0;  1 drivers
v0x145fa02c0_0 .net "VGA_Blu_0_o", 0 0, L_0x145fad510;  1 drivers
v0x145fa0350_0 .net "VGA_Blu_1_o", 0 0, L_0x145fad5b0;  1 drivers
v0x145fa03e0_0 .net "VGA_Blu_2_o", 0 0, L_0x145fad730;  1 drivers
v0x145fa0470_0 .net "VGA_Grn_0_o", 0 0, L_0x145fad1a0;  1 drivers
v0x145fa0510_0 .net "VGA_Grn_1_o", 0 0, L_0x145fad300;  1 drivers
v0x145fa06b0_0 .net "VGA_Grn_2_o", 0 0, L_0x145fad070;  1 drivers
v0x145fa0750_0 .net "VGA_Hsync_o", 0 0, L_0x145facd90;  1 drivers
v0x145fa07f0_0 .net "VGA_Red_0_o", 0 0, L_0x145facef0;  1 drivers
v0x145fa0890_0 .net "VGA_Red_1_o", 0 0, L_0x145facfd0;  1 drivers
v0x145fa0930_0 .net "VGA_Red_2_o", 0 0, L_0x145fa4b10;  1 drivers
v0x145fa09d0_0 .net "VGA_Vsync_o", 0 0, L_0x145face40;  1 drivers
v0x145fa0a70_0 .net "Vsync_Start_w", 0 0, L_0x145fa5260;  1 drivers
v0x145fa0b00_0 .net "Vsync_TP_w", 0 0, v0x145f924a0_0;  1 drivers
v0x145fa0bd0_0 .net "Vsync_porch_w", 0 0, v0x145f9ef00_0;  1 drivers
L_0x138078010 .functor BUFT 1, C4<1>, C4<0>, C4<0>, C4<0>;
v0x145fa0c60_0 .net/2u *"_ivl_0", 0 0, L_0x138078010;  1 drivers
v0x145fa0cf0_0 .net *"_ivl_14", 6 0, L_0x145fa3950;  1 drivers
v0x145fa0d80_0 .net *"_ivl_16", 6 0, L_0x145fa39f0;  1 drivers
v0x145fa0e10_0 .net *"_ivl_28", 6 0, L_0x145fa4a70;  1 drivers
v0x145fa0ea0_0 .net *"_ivl_30", 6 0, L_0x145fa4550;  1 drivers
o0x138040070 .functor BUFZ 1, C4<z>; HiZ drive
v0x145fa0f40_0 .net "clk_i", 0 0, o0x138040070;  0 drivers
v0x145fa0fd0_0 .net "rx_byte_w", 7 0, v0x145f9b3d0_0;  1 drivers
v0x145fa05f0_0 .net "rx_dv_w", 0 0, L_0x145fa2790;  1 drivers
v0x145fa1260_0 .net "seg1_A_o", 0 0, L_0x145fa3420;  1 drivers
v0x145fa12f0_0 .net "seg1_A_w", 0 0, L_0x145fa2b00;  1 drivers
v0x145fa1380_0 .net "seg1_B_o", 0 0, L_0x145fa34c0;  1 drivers
v0x145fa1410_0 .net "seg1_B_w", 0 0, L_0x145fa2be0;  1 drivers
v0x145fa14c0_0 .net "seg1_C_o", 0 0, L_0x145fa3560;  1 drivers
v0x145fa1550_0 .net "seg1_C_w", 0 0, L_0x145fa2d00;  1 drivers
v0x145fa1600_0 .net "seg1_D_o", 0 0, L_0x145fa3600;  1 drivers
v0x145fa1690_0 .net "seg1_D_w", 0 0, L_0x145fa2de0;  1 drivers
v0x145fa1740_0 .net "seg1_E_o", 0 0, L_0x145fa3720;  1 drivers
v0x145fa17d0_0 .net "seg1_E_w", 0 0, L_0x145fa2f40;  1 drivers
v0x145fa1880_0 .net "seg1_F_o", 0 0, L_0x145fa37c0;  1 drivers
v0x145fa1910_0 .net "seg1_F_w", 0 0, L_0x145fa3010;  1 drivers
v0x145fa19c0_0 .net "seg1_G_o", 0 0, L_0x145fa3860;  1 drivers
v0x145fa1a50_0 .net "seg1_G_w", 0 0, L_0x145fa30f0;  1 drivers
v0x145fa1b00_0 .net "seg2_A_o", 0 0, L_0x145fa4410;  1 drivers
v0x145fa1b90_0 .net "seg2_A_w", 0 0, L_0x145fa3ba0;  1 drivers
v0x145fa1c40_0 .net "seg2_B_o", 0 0, L_0x145fa44b0;  1 drivers
v0x145fa1cd0_0 .net "seg2_B_w", 0 0, L_0x145fa3c40;  1 drivers
v0x145fa1d80_0 .net "seg2_C_o", 0 0, L_0x145fa45c0;  1 drivers
v0x145fa1e10_0 .net "seg2_C_w", 0 0, L_0x145fa3d20;  1 drivers
v0x145fa1ec0_0 .net "seg2_D_o", 0 0, L_0x145fa4660;  1 drivers
v0x145fa1f50_0 .net "seg2_D_w", 0 0, L_0x145fa3e00;  1 drivers
v0x145fa2000_0 .net "seg2_E_o", 0 0, L_0x145fa4800;  1 drivers
v0x145fa2090_0 .net "seg2_E_w", 0 0, L_0x145fa3f60;  1 drivers
v0x145fa2140_0 .net "seg2_F_o", 0 0, L_0x145fa48a0;  1 drivers
v0x145fa21d0_0 .net "seg2_F_w", 0 0, L_0x145fa4000;  1 drivers
v0x145fa2280_0 .net "seg2_G_o", 0 0, L_0x145fa49d0;  1 drivers
v0x145fa2310_0 .net "seg2_G_w", 0 0, L_0x145fa40e0;  1 drivers
v0x145fa23c0_0 .net "tx_active_w", 0 0, v0x145f9c120_0;  1 drivers
v0x145fa2470_0 .net "tx_serial_w", 0 0, v0x145f9c560_0;  1 drivers
L_0x145fa29a0 .functor MUXZ 1, L_0x138078010, v0x145f9c560_0, v0x145f9c120_0, C4<>;
L_0x145fa3380 .part v0x145f9b3d0_0, 4, 4;
L_0x145fa3420 .part L_0x145fa39f0, 6, 1;
L_0x145fa34c0 .part L_0x145fa39f0, 5, 1;
L_0x145fa3560 .part L_0x145fa39f0, 4, 1;
L_0x145fa3600 .part L_0x145fa39f0, 3, 1;
L_0x145fa3720 .part L_0x145fa39f0, 2, 1;
L_0x145fa37c0 .part L_0x145fa39f0, 1, 1;
L_0x145fa3860 .part L_0x145fa39f0, 0, 1;
LS_0x145fa3950_0_0 .concat [ 1 1 1 1], L_0x145fa30f0, L_0x145fa3010, L_0x145fa2f40, L_0x145fa2de0;
LS_0x145fa3950_0_4 .concat [ 1 1 1 0], L_0x145fa2d00, L_0x145fa2be0, L_0x145fa2b00;
L_0x145fa3950 .concat [ 4 3 0 0], LS_0x145fa3950_0_0, LS_0x145fa3950_0_4;
L_0x145fa4370 .part v0x145f9b3d0_0, 0, 4;
L_0x145fa4410 .part L_0x145fa4550, 6, 1;
L_0x145fa44b0 .part L_0x145fa4550, 5, 1;
L_0x145fa45c0 .part L_0x145fa4550, 4, 1;
L_0x145fa4660 .part L_0x145fa4550, 3, 1;
L_0x145fa4800 .part L_0x145fa4550, 2, 1;
L_0x145fa48a0 .part L_0x145fa4550, 1, 1;
L_0x145fa49d0 .part L_0x145fa4550, 0, 1;
LS_0x145fa4a70_0_0 .concat [ 1 1 1 1], L_0x145fa40e0, L_0x145fa4000, L_0x145fa3f60, L_0x145fa3e00;
LS_0x145fa4a70_0_4 .concat [ 1 1 1 0], L_0x145fa3d20, L_0x145fa3c40, L_0x145fa3ba0;
L_0x145fa4a70 .concat [ 4 3 0 0], LS_0x145fa4a70_0_0, LS_0x145fa4a70_0_4;
L_0x145facef0 .part v0x145f9f6f0_0, 0, 1;
L_0x145facfd0 .part v0x145f9f6f0_0, 1, 1;
L_0x145fa4b10 .part v0x145f9f6f0_0, 2, 1;
L_0x145fad1a0 .part v0x145f9f540_0, 0, 1;
L_0x145fad300 .part v0x145f9f540_0, 1, 1;
L_0x145fad070 .part v0x145f9f540_0, 2, 1;
L_0x145fad510 .part v0x145f9f0f0_0, 0, 1;
L_0x145fad5b0 .part v0x145f9f0f0_0, 1, 1;
L_0x145fad730 .part v0x145f9f0f0_0, 2, 1;
S_0x145f085f0 .scope module, "Binary_To_7Segment_seg1_inst" "Binary_To_7Segment" 2 94, 3 3 0, S_0x145f60690;
 .timescale 0 0;
    .port_info 0 /INPUT 1 "clk_i";
    .port_info 1 /INPUT 4 "binary_num_i";
    .port_info 2 /OUTPUT 1 "seg_A_o";
    .port_info 3 /OUTPUT 1 "seg_B_o";
    .port_info 4 /OUTPUT 1 "seg_C_o";
    .port_info 5 /OUTPUT 1 "seg_D_o";
    .port_info 6 /OUTPUT 1 "seg_E_o";
    .port_info 7 /OUTPUT 1 "seg_F_o";
    .port_info 8 /OUTPUT 1 "seg_G_o";
v0x145f34d20_0 .net *"_ivl_9", 6 0, v0x145f8ffe0_0;  1 drivers
v0x145f8fe90_0 .net "binary_num_i", 3 0, L_0x145fa3380;  1 drivers
v0x145f8ff30_0 .net "clk_i", 0 0, o0x138040070;  alias, 0 drivers
v0x145f8ffe0_0 .var "hex_encoding_r", 6 0;
v0x145f90080_0 .net "seg_A_o", 0 0, L_0x145fa2b00;  alias, 1 drivers
v0x145f90160_0 .net "seg_B_o", 0 0, L_0x145fa2be0;  alias, 1 drivers
v0x145f90200_0 .net "seg_C_o", 0 0, L_0x145fa2d00;  alias, 1 drivers
v0x145f902a0_0 .net "seg_D_o", 0 0, L_0x145fa2de0;  alias, 1 drivers
v0x145f90340_0 .net "seg_E_o", 0 0, L_0x145fa2f40;  alias, 1 drivers
v0x145f90450_0 .net "seg_F_o", 0 0, L_0x145fa3010;  alias, 1 drivers
v0x145f904e0_0 .net "seg_G_o", 0 0, L_0x145fa30f0;  alias, 1 drivers
E_0x145f10880 .event posedge, v0x145f8ff30_0;
L_0x145fa2b00 .part v0x145f8ffe0_0, 6, 1;
L_0x145fa2be0 .part v0x145f8ffe0_0, 5, 1;
L_0x145fa2d00 .part v0x145f8ffe0_0, 4, 1;
L_0x145fa2de0 .part v0x145f8ffe0_0, 3, 1;
L_0x145fa2f40 .part v0x145f8ffe0_0, 2, 1;
L_0x145fa3010 .part v0x145f8ffe0_0, 1, 1;
L_0x145fa30f0 .part v0x145f8ffe0_0, 0, 1;
S_0x145f90660 .scope module, "Binary_To_7Segment_seg2_inst" "Binary_To_7Segment" 2 111, 3 3 0, S_0x145f60690;
 .timescale 0 0;
    .port_info 0 /INPUT 1 "clk_i";
    .port_info 1 /INPUT 4 "binary_num_i";
    .port_info 2 /OUTPUT 1 "seg_A_o";
    .port_info 3 /OUTPUT 1 "seg_B_o";
    .port_info 4 /OUTPUT 1 "seg_C_o";
    .port_info 5 /OUTPUT 1 "seg_D_o";
    .port_info 6 /OUTPUT 1 "seg_E_o";
    .port_info 7 /OUTPUT 1 "seg_F_o";
    .port_info 8 /OUTPUT 1 "seg_G_o";
v0x145f90900_0 .net *"_ivl_9", 6 0, v0x145f90b00_0;  1 drivers
v0x145f90990_0 .net "binary_num_i", 3 0, L_0x145fa4370;  1 drivers
v0x145f90a30_0 .net "clk_i", 0 0, o0x138040070;  alias, 0 drivers
v0x145f90b00_0 .var "hex_encoding_r", 6 0;
v0x145f90b90_0 .net "seg_A_o", 0 0, L_0x145fa3ba0;  alias, 1 drivers
v0x145f90c70_0 .net "seg_B_o", 0 0, L_0x145fa3c40;  alias, 1 drivers
v0x145f90d10_0 .net "seg_C_o", 0 0, L_0x145fa3d20;  alias, 1 drivers
v0x145f90db0_0 .net "seg_D_o", 0 0, L_0x145fa3e00;  alias, 1 drivers
v0x145f90e50_0 .net "seg_E_o", 0 0, L_0x145fa3f60;  alias, 1 drivers
v0x145f90f60_0 .net "seg_F_o", 0 0, L_0x145fa4000;  alias, 1 drivers
v0x145f90ff0_0 .net "seg_G_o", 0 0, L_0x145fa40e0;  alias, 1 drivers
L_0x145fa3ba0 .part v0x145f90b00_0, 6, 1;
L_0x145fa3c40 .part v0x145f90b00_0, 5, 1;
L_0x145fa3d20 .part v0x145f90b00_0, 4, 1;
L_0x145fa3e00 .part v0x145f90b00_0, 3, 1;
L_0x145fa3f60 .part v0x145f90b00_0, 2, 1;
L_0x145fa4000 .part v0x145f90b00_0, 1, 1;
L_0x145fa40e0 .part v0x145f90b00_0, 0, 1;
S_0x145f91170 .scope module, "Test_Pattern_Gen_Inst" "Test_Pattern_Gen" 2 157, 4 1 0, S_0x145f60690;
 .timescale 0 0;
    .port_info 0 /INPUT 1 "clk_i";
    .port_info 1 /INPUT 4 "pattern_i";
    .port_info 2 /INPUT 1 "Hsync_i";
    .port_info 3 /INPUT 1 "Vsync_i";
    .port_info 4 /OUTPUT 1 "Hsync_o";
    .port_info 5 /OUTPUT 1 "Vsync_o";
    .port_info 6 /OUTPUT 3 "red_video_o";
    .port_info 7 /OUTPUT 3 "grn_video_o";
    .port_info 8 /OUTPUT 3 "blu_video_o";
P_0x145f912e0 .param/l "ACTIVE_COLS" 0 4 5, +C4<00000000000000000000001010000000>;
P_0x145f91320 .param/l "ACTIVE_ROWS" 0 4 6, +C4<00000000000000000000000111100000>;
P_0x145f91360 .param/l "TOTAL_COLS" 0 4 3, +C4<00000000000000000000001100100000>;
P_0x145f913a0 .param/l "TOTAL_ROWS" 0 4 4, +C4<00000000000000000000001000001101>;
P_0x145f913e0 .param/l "VIDEO_WIDTH" 0 4 2, +C4<00000000000000000000000000000011>;
L_0x145fa5a40 .functor AND 1, L_0x145fa5680, L_0x145fa5900, C4<1>, C4<1>;
L_0x145fa6220 .functor AND 1, L_0x145fa5e30, L_0x145fa6090, C4<1>, C4<1>;
L_0x145fa6aa0 .functor AND 1, L_0x145fa65f0, L_0x145fa5b30, C4<1>, C4<1>;
L_0x145fa6f40 .functor XOR 1, L_0x145fa6d70, L_0x145fa6e10, C4<0>, C4<0>;
L_0x145fa7110 .functor BUFZ 3, L_0x145fa6fb0, C4<000>, C4<000>, C4<000>;
L_0x145fa71c0 .functor BUFZ 3, L_0x145fa6fb0, C4<000>, C4<000>, C4<000>;
L_0x145fa6910 .functor OR 1, L_0x145fa9780, L_0x145fa96e0, C4<0>, C4<0>;
L_0x145fa9860 .functor OR 1, L_0x145fa6910, L_0x145fa9b20, C4<0>, C4<0>;
L_0x145fa9c00 .functor OR 1, L_0x145fa9860, L_0x145fa9df0, C4<0>, C4<0>;
L_0x145faa370 .functor OR 1, L_0x145fa9f50, L_0x145faa250, C4<0>, C4<0>;
L_0x145faa5a0 .functor OR 1, L_0x145faa370, L_0x145faa4c0, C4<0>, C4<0>;
L_0x145faa9a0 .functor OR 1, L_0x145faa5a0, L_0x145faa880, C4<0>, C4<0>;
L_0x145fab370 .functor OR 1, L_0x145fab060, L_0x145faaf30, C4<0>, C4<0>;
L_0x145fab140 .functor OR 1, L_0x145fab370, L_0x145fab570, C4<0>, C4<0>;
L_0x145fab6b0 .functor OR 1, L_0x145fab140, L_0x145fab8f0, C4<0>, C4<0>;
L_0x145fac150 .functor OR 1, L_0x145faba10, L_0x145fac030, C4<0>, C4<0>;
L_0x145fabf40 .functor OR 1, L_0x145fac150, L_0x145fabe00, C4<0>, C4<0>;
L_0x145fac400 .functor OR 1, L_0x145fabf40, L_0x145fac2e0, C4<0>, C4<0>;
L_0x145fac710 .functor BUFZ 3, L_0x145fa6fb0, C4<000>, C4<000>, C4<000>;
L_0x145fac8a0 .functor BUFZ 3, L_0x145fa6fb0, C4<000>, C4<000>, C4<000>;
v0x145f92210_0 .net "Hsync_i", 0 0, L_0x145fa4dd0;  alias, 1 drivers
v0x145f922d0_0 .var "Hsync_o", 0 0;
v0x145f92360_0 .net "Hsync_w", 0 0, v0x145f91c30_0;  1 drivers
v0x145f923f0_0 .net "Vsync_i", 0 0, L_0x145fa5260;  alias, 1 drivers
v0x145f924a0_0 .var "Vsync_o", 0 0;
v0x145f92570_0 .net "Vsync_w", 0 0, v0x145f91d60_0;  1 drivers
v0x145f92600_0 .net *"_ivl_10", 31 0, L_0x145fa5520;  1 drivers
v0x145f92690_0 .net *"_ivl_104", 0 0, L_0x145fa6d70;  1 drivers
v0x145f92730_0 .net *"_ivl_106", 0 0, L_0x145fa6e10;  1 drivers
v0x145f92860_0 .net *"_ivl_107", 0 0, L_0x145fa6f40;  1 drivers
L_0x138078a30 .functor BUFT 1, C4<111>, C4<0>, C4<0>, C4<0>;
v0x145f92910_0 .net/2u *"_ivl_109", 2 0, L_0x138078a30;  1 drivers
L_0x138078a78 .functor BUFT 1, C4<000>, C4<0>, C4<0>, C4<0>;
v0x145f929c0_0 .net/2u *"_ivl_111", 2 0, L_0x138078a78;  1 drivers
v0x145f92a70_0 .net *"_ivl_125", 31 0, L_0x145fa7230;  1 drivers
L_0x138078b08 .functor BUFT 1, C4<0000000000000000000000>, C4<0>, C4<0>, C4<0>;
v0x145f92b20_0 .net *"_ivl_128", 21 0, L_0x138078b08;  1 drivers
L_0x138079c78 .functor BUFT 1, C4<00000000000000000000000001010000>, C4<0>, C4<0>, C4<0>;
v0x145f92bd0_0 .net *"_ivl_129", 31 0, L_0x138079c78;  1 drivers
L_0x138078370 .functor BUFT 1, C4<0000000000000000000000>, C4<0>, C4<0>, C4<0>;
v0x145f92c80_0 .net *"_ivl_13", 21 0, L_0x138078370;  1 drivers
L_0x138078b50 .functor BUFT 1, C4<00000000000000000000000000000001>, C4<0>, C4<0>, C4<0>;
v0x145f92d30_0 .net/2u *"_ivl_133", 31 0, L_0x138078b50;  1 drivers
v0x145f92ec0_0 .net *"_ivl_136", 31 0, L_0x145fa73f0;  1 drivers
v0x145f92f50_0 .net *"_ivl_137", 0 0, L_0x145fa7490;  1 drivers
L_0x138078b98 .functor BUFT 1, C4<0000>, C4<0>, C4<0>, C4<0>;
v0x145f92ff0_0 .net/2s *"_ivl_139", 3 0, L_0x138078b98;  1 drivers
L_0x1380783b8 .functor BUFT 1, C4<00000000000000000000001010000000>, C4<0>, C4<0>, C4<0>;
v0x145f930a0_0 .net/2u *"_ivl_14", 31 0, L_0x1380783b8;  1 drivers
v0x145f93150_0 .net *"_ivl_141", 31 0, L_0x145fa7310;  1 drivers
L_0x138078be0 .functor BUFT 1, C4<0000000000000000000000>, C4<0>, C4<0>, C4<0>;
v0x145f93200_0 .net *"_ivl_144", 21 0, L_0x138078be0;  1 drivers
L_0x138079cc0 .functor BUFT 1, C4<00000000000000000000000001010000>, C4<0>, C4<0>, C4<0>;
v0x145f932b0_0 .net *"_ivl_145", 31 0, L_0x138079cc0;  1 drivers
L_0x138078c28 .functor BUFT 1, C4<00000000000000000000000000000010>, C4<0>, C4<0>, C4<0>;
v0x145f93360_0 .net/2u *"_ivl_149", 31 0, L_0x138078c28;  1 drivers
v0x145f93410_0 .net *"_ivl_152", 31 0, L_0x145fa76e0;  1 drivers
v0x145f934c0_0 .net *"_ivl_153", 0 0, L_0x145fa78c0;  1 drivers
L_0x138078c70 .functor BUFT 1, C4<0001>, C4<0>, C4<0>, C4<0>;
v0x145f93560_0 .net/2s *"_ivl_155", 3 0, L_0x138078c70;  1 drivers
v0x145f93610_0 .net *"_ivl_157", 31 0, L_0x145fa7960;  1 drivers
v0x145f936c0_0 .net *"_ivl_16", 0 0, L_0x145fa5680;  1 drivers
L_0x138078cb8 .functor BUFT 1, C4<0000000000000000000000>, C4<0>, C4<0>, C4<0>;
v0x145f93760_0 .net *"_ivl_160", 21 0, L_0x138078cb8;  1 drivers
L_0x138079d08 .functor BUFT 1, C4<00000000000000000000000001010000>, C4<0>, C4<0>, C4<0>;
v0x145f93810_0 .net *"_ivl_161", 31 0, L_0x138079d08;  1 drivers
L_0x138078d00 .functor BUFT 1, C4<00000000000000000000000000000011>, C4<0>, C4<0>, C4<0>;
v0x145f938c0_0 .net/2u *"_ivl_165", 31 0, L_0x138078d00;  1 drivers
v0x145f92de0_0 .net *"_ivl_168", 31 0, L_0x145fa7800;  1 drivers
v0x145f93b50_0 .net *"_ivl_169", 0 0, L_0x145fa7c30;  1 drivers
L_0x138078d48 .functor BUFT 1, C4<0010>, C4<0>, C4<0>, C4<0>;
v0x145f93be0_0 .net/2s *"_ivl_171", 3 0, L_0x138078d48;  1 drivers
v0x145f93c70_0 .net *"_ivl_173", 31 0, L_0x145fa7b20;  1 drivers
L_0x138078d90 .functor BUFT 1, C4<0000000000000000000000>, C4<0>, C4<0>, C4<0>;
v0x145f93d20_0 .net *"_ivl_176", 21 0, L_0x138078d90;  1 drivers
L_0x138079d50 .functor BUFT 1, C4<00000000000000000000000001010000>, C4<0>, C4<0>, C4<0>;
v0x145f93dd0_0 .net *"_ivl_177", 31 0, L_0x138079d50;  1 drivers
v0x145f93e80_0 .net *"_ivl_18", 31 0, L_0x145fa57c0;  1 drivers
L_0x138078dd8 .functor BUFT 1, C4<00000000000000000000000000000100>, C4<0>, C4<0>, C4<0>;
v0x145f93f30_0 .net/2u *"_ivl_181", 31 0, L_0x138078dd8;  1 drivers
v0x145f93fe0_0 .net *"_ivl_184", 31 0, L_0x145fa7e70;  1 drivers
v0x145f94090_0 .net *"_ivl_185", 0 0, L_0x145fa8060;  1 drivers
L_0x138078e20 .functor BUFT 1, C4<0011>, C4<0>, C4<0>, C4<0>;
v0x145f94130_0 .net/2s *"_ivl_187", 3 0, L_0x138078e20;  1 drivers
v0x145f941e0_0 .net *"_ivl_189", 31 0, L_0x145fa8100;  1 drivers
L_0x138078e68 .functor BUFT 1, C4<0000000000000000000000>, C4<0>, C4<0>, C4<0>;
v0x145f94290_0 .net *"_ivl_192", 21 0, L_0x138078e68;  1 drivers
L_0x138079d98 .functor BUFT 1, C4<00000000000000000000000001010000>, C4<0>, C4<0>, C4<0>;
v0x145f94340_0 .net *"_ivl_193", 31 0, L_0x138079d98;  1 drivers
L_0x138078eb0 .functor BUFT 1, C4<00000000000000000000000000000101>, C4<0>, C4<0>, C4<0>;
v0x145f943f0_0 .net/2u *"_ivl_197", 31 0, L_0x138078eb0;  1 drivers
v0x145f944a0_0 .net *"_ivl_200", 31 0, L_0x145fa7f70;  1 drivers
v0x145f94550_0 .net *"_ivl_201", 0 0, L_0x145fa8320;  1 drivers
L_0x138078ef8 .functor BUFT 1, C4<0100>, C4<0>, C4<0>, C4<0>;
v0x145f945f0_0 .net/2s *"_ivl_203", 3 0, L_0x138078ef8;  1 drivers
v0x145f946a0_0 .net *"_ivl_205", 31 0, L_0x145fa81a0;  1 drivers
L_0x138078f40 .functor BUFT 1, C4<0000000000000000000000>, C4<0>, C4<0>, C4<0>;
v0x145f94750_0 .net *"_ivl_208", 21 0, L_0x138078f40;  1 drivers
L_0x138079de0 .functor BUFT 1, C4<00000000000000000000000001010000>, C4<0>, C4<0>, C4<0>;
v0x145f94800_0 .net *"_ivl_209", 31 0, L_0x138079de0;  1 drivers
L_0x138078400 .functor BUFT 1, C4<0000000000000000000000>, C4<0>, C4<0>, C4<0>;
v0x145f948b0_0 .net *"_ivl_21", 21 0, L_0x138078400;  1 drivers
L_0x138078f88 .functor BUFT 1, C4<00000000000000000000000000000110>, C4<0>, C4<0>, C4<0>;
v0x145f94960_0 .net/2u *"_ivl_213", 31 0, L_0x138078f88;  1 drivers
v0x145f94a10_0 .net *"_ivl_216", 31 0, L_0x145fa8550;  1 drivers
v0x145f94ac0_0 .net *"_ivl_217", 0 0, L_0x145fa8440;  1 drivers
L_0x138078fd0 .functor BUFT 1, C4<0101>, C4<0>, C4<0>, C4<0>;
v0x145f94b60_0 .net/2s *"_ivl_219", 3 0, L_0x138078fd0;  1 drivers
L_0x138078448 .functor BUFT 1, C4<00000000000000000000000111100000>, C4<0>, C4<0>, C4<0>;
v0x145f94c10_0 .net/2u *"_ivl_22", 31 0, L_0x138078448;  1 drivers
v0x145f94cc0_0 .net *"_ivl_221", 31 0, L_0x145fa87d0;  1 drivers
L_0x138079018 .functor BUFT 1, C4<0000000000000000000000>, C4<0>, C4<0>, C4<0>;
v0x145f94d70_0 .net *"_ivl_224", 21 0, L_0x138079018;  1 drivers
L_0x138079e28 .functor BUFT 1, C4<00000000000000000000000001010000>, C4<0>, C4<0>, C4<0>;
v0x145f94e20_0 .net *"_ivl_225", 31 0, L_0x138079e28;  1 drivers
L_0x138079060 .functor BUFT 1, C4<00000000000000000000000000000111>, C4<0>, C4<0>, C4<0>;
v0x145f94ed0_0 .net/2u *"_ivl_229", 31 0, L_0x138079060;  1 drivers
v0x145f94f80_0 .net *"_ivl_232", 31 0, L_0x145fa86b0;  1 drivers
v0x145f93970_0 .net *"_ivl_233", 0 0, L_0x145fa8a00;  1 drivers
L_0x1380790a8 .functor BUFT 1, C4<0110>, C4<0>, C4<0>, C4<0>;
v0x145f93a10_0 .net/2s *"_ivl_235", 3 0, L_0x1380790a8;  1 drivers
L_0x1380790f0 .functor BUFT 1, C4<0111>, C4<0>, C4<0>, C4<0>;
v0x145f93ac0_0 .net/2s *"_ivl_237", 3 0, L_0x1380790f0;  1 drivers
v0x145f95030_0 .net *"_ivl_239", 3 0, L_0x145fa8890;  1 drivers
v0x145f950e0_0 .net *"_ivl_24", 0 0, L_0x145fa5900;  1 drivers
v0x145f95180_0 .net *"_ivl_241", 3 0, L_0x145fa8ce0;  1 drivers
v0x145f95230_0 .net *"_ivl_243", 3 0, L_0x145fa8ed0;  1 drivers
v0x145f952e0_0 .net *"_ivl_245", 3 0, L_0x145fa8fb0;  1 drivers
v0x145f95390_0 .net *"_ivl_247", 3 0, L_0x145fa91b0;  1 drivers
v0x145f95440_0 .net *"_ivl_249", 3 0, L_0x145fa9290;  1 drivers
v0x145f954f0_0 .net *"_ivl_251", 3 0, L_0x145fa90d0;  1 drivers
v0x145f955a0_0 .net *"_ivl_256", 31 0, L_0x145fa9330;  1 drivers
L_0x138079138 .functor BUFT 1, C4<00000000000000000000000000000>, C4<0>, C4<0>, C4<0>;
v0x145f95650_0 .net *"_ivl_259", 28 0, L_0x138079138;  1 drivers
L_0x138079180 .functor BUFT 1, C4<00000000000000000000000000000100>, C4<0>, C4<0>, C4<0>;
v0x145f95700_0 .net/2u *"_ivl_260", 31 0, L_0x138079180;  1 drivers
v0x145f957b0_0 .net *"_ivl_262", 0 0, L_0x145fa9780;  1 drivers
v0x145f95850_0 .net *"_ivl_264", 31 0, L_0x145fa9600;  1 drivers
L_0x1380791c8 .functor BUFT 1, C4<00000000000000000000000000000>, C4<0>, C4<0>, C4<0>;
v0x145f95900_0 .net *"_ivl_267", 28 0, L_0x1380791c8;  1 drivers
L_0x138079210 .functor BUFT 1, C4<00000000000000000000000000000101>, C4<0>, C4<0>, C4<0>;
v0x145f959b0_0 .net/2u *"_ivl_268", 31 0, L_0x138079210;  1 drivers
v0x145f95a60_0 .net *"_ivl_27", 0 0, L_0x145fa5a40;  1 drivers
v0x145f95b00_0 .net *"_ivl_270", 0 0, L_0x145fa96e0;  1 drivers
v0x145f95ba0_0 .net *"_ivl_273", 0 0, L_0x145fa6910;  1 drivers
v0x145f95c40_0 .net *"_ivl_274", 31 0, L_0x145fa9a00;  1 drivers
L_0x138079258 .functor BUFT 1, C4<00000000000000000000000000000>, C4<0>, C4<0>, C4<0>;
v0x145f95cf0_0 .net *"_ivl_277", 28 0, L_0x138079258;  1 drivers
L_0x1380792a0 .functor BUFT 1, C4<00000000000000000000000000000110>, C4<0>, C4<0>, C4<0>;
v0x145f95da0_0 .net/2u *"_ivl_278", 31 0, L_0x1380792a0;  1 drivers
L_0x138078490 .functor BUFT 1, C4<111>, C4<0>, C4<0>, C4<0>;
v0x145f95e50_0 .net/2u *"_ivl_28", 2 0, L_0x138078490;  1 drivers
v0x145f95f00_0 .net *"_ivl_280", 0 0, L_0x145fa9b20;  1 drivers
v0x145f95fa0_0 .net *"_ivl_283", 0 0, L_0x145fa9860;  1 drivers
v0x145f96040_0 .net *"_ivl_284", 31 0, L_0x145fa9950;  1 drivers
L_0x1380792e8 .functor BUFT 1, C4<00000000000000000000000000000>, C4<0>, C4<0>, C4<0>;
v0x145f960f0_0 .net *"_ivl_287", 28 0, L_0x1380792e8;  1 drivers
L_0x138079330 .functor BUFT 1, C4<00000000000000000000000000000111>, C4<0>, C4<0>, C4<0>;
v0x145f961a0_0 .net/2u *"_ivl_288", 31 0, L_0x138079330;  1 drivers
v0x145f96250_0 .net *"_ivl_290", 0 0, L_0x145fa9df0;  1 drivers
v0x145f962f0_0 .net *"_ivl_293", 0 0, L_0x145fa9c00;  1 drivers
L_0x138079378 .functor BUFT 1, C4<111>, C4<0>, C4<0>, C4<0>;
v0x145f96390_0 .net/2u *"_ivl_294", 2 0, L_0x138079378;  1 drivers
L_0x1380793c0 .functor BUFT 1, C4<000>, C4<0>, C4<0>, C4<0>;
v0x145f96440_0 .net/2u *"_ivl_296", 2 0, L_0x1380793c0;  1 drivers
L_0x1380784d8 .functor BUFT 1, C4<000>, C4<0>, C4<0>, C4<0>;
v0x145f964f0_0 .net/2u *"_ivl_30", 2 0, L_0x1380784d8;  1 drivers
v0x145f965a0_0 .net *"_ivl_301", 31 0, L_0x145faa1b0;  1 drivers
L_0x138079408 .functor BUFT 1, C4<00000000000000000000000000000>, C4<0>, C4<0>, C4<0>;
v0x145f96650_0 .net *"_ivl_304", 28 0, L_0x138079408;  1 drivers
L_0x138079450 .functor BUFT 1, C4<00000000000000000000000000000010>, C4<0>, C4<0>, C4<0>;
v0x145f96700_0 .net/2u *"_ivl_305", 31 0, L_0x138079450;  1 drivers
v0x145f967b0_0 .net *"_ivl_307", 0 0, L_0x145fa9f50;  1 drivers
v0x145f96850_0 .net *"_ivl_309", 31 0, L_0x145faa420;  1 drivers
L_0x138079498 .functor BUFT 1, C4<00000000000000000000000000000>, C4<0>, C4<0>, C4<0>;
v0x145f96900_0 .net *"_ivl_312", 28 0, L_0x138079498;  1 drivers
L_0x1380794e0 .functor BUFT 1, C4<00000000000000000000000000000011>, C4<0>, C4<0>, C4<0>;
v0x145f969b0_0 .net/2u *"_ivl_313", 31 0, L_0x1380794e0;  1 drivers
v0x145f96a60_0 .net *"_ivl_315", 0 0, L_0x145faa250;  1 drivers
v0x145f96b00_0 .net *"_ivl_318", 0 0, L_0x145faa370;  1 drivers
v0x145f96ba0_0 .net *"_ivl_319", 31 0, L_0x145faa6e0;  1 drivers
L_0x138079528 .functor BUFT 1, C4<00000000000000000000000000000>, C4<0>, C4<0>, C4<0>;
v0x145f96c50_0 .net *"_ivl_322", 28 0, L_0x138079528;  1 drivers
L_0x138079570 .functor BUFT 1, C4<00000000000000000000000000000110>, C4<0>, C4<0>, C4<0>;
v0x145f96d00_0 .net/2u *"_ivl_323", 31 0, L_0x138079570;  1 drivers
v0x145f96db0_0 .net *"_ivl_325", 0 0, L_0x145faa4c0;  1 drivers
v0x145f96e50_0 .net *"_ivl_328", 0 0, L_0x145faa5a0;  1 drivers
v0x145f96ef0_0 .net *"_ivl_329", 31 0, L_0x145faaad0;  1 drivers
L_0x1380795b8 .functor BUFT 1, C4<00000000000000000000000000000>, C4<0>, C4<0>, C4<0>;
v0x145f96fa0_0 .net *"_ivl_332", 28 0, L_0x1380795b8;  1 drivers
L_0x138079600 .functor BUFT 1, C4<00000000000000000000000000000111>, C4<0>, C4<0>, C4<0>;
v0x145f97050_0 .net/2u *"_ivl_333", 31 0, L_0x138079600;  1 drivers
v0x145f97100_0 .net *"_ivl_335", 0 0, L_0x145faa880;  1 drivers
v0x145f971a0_0 .net *"_ivl_338", 0 0, L_0x145faa9a0;  1 drivers
L_0x138079648 .functor BUFT 1, C4<111>, C4<0>, C4<0>, C4<0>;
v0x145f97240_0 .net/2u *"_ivl_339", 2 0, L_0x138079648;  1 drivers
L_0x138079690 .functor BUFT 1, C4<000>, C4<0>, C4<0>, C4<0>;
v0x145f972f0_0 .net/2u *"_ivl_341", 2 0, L_0x138079690;  1 drivers
v0x145f973a0_0 .net *"_ivl_346", 31 0, L_0x145faac30;  1 drivers
L_0x1380796d8 .functor BUFT 1, C4<00000000000000000000000000000>, C4<0>, C4<0>, C4<0>;
v0x145f97450_0 .net *"_ivl_349", 28 0, L_0x1380796d8;  1 drivers
L_0x138079720 .functor BUFT 1, C4<00000000000000000000000000000001>, C4<0>, C4<0>, C4<0>;
v0x145f97500_0 .net/2u *"_ivl_350", 31 0, L_0x138079720;  1 drivers
v0x145f975b0_0 .net *"_ivl_352", 0 0, L_0x145fab060;  1 drivers
v0x145f97650_0 .net *"_ivl_354", 31 0, L_0x145faae50;  1 drivers
L_0x138079768 .functor BUFT 1, C4<00000000000000000000000000000>, C4<0>, C4<0>, C4<0>;
v0x145f97700_0 .net *"_ivl_357", 28 0, L_0x138079768;  1 drivers
L_0x1380797b0 .functor BUFT 1, C4<00000000000000000000000000000011>, C4<0>, C4<0>, C4<0>;
v0x145f977b0_0 .net/2u *"_ivl_358", 31 0, L_0x1380797b0;  1 drivers
v0x145f97860_0 .net *"_ivl_360", 0 0, L_0x145faaf30;  1 drivers
v0x145f97900_0 .net *"_ivl_363", 0 0, L_0x145fab370;  1 drivers
v0x145f979a0_0 .net *"_ivl_364", 31 0, L_0x145fab4d0;  1 drivers
L_0x1380797f8 .functor BUFT 1, C4<00000000000000000000000000000>, C4<0>, C4<0>, C4<0>;
v0x145f97a50_0 .net *"_ivl_367", 28 0, L_0x1380797f8;  1 drivers
L_0x138079840 .functor BUFT 1, C4<00000000000000000000000000000101>, C4<0>, C4<0>, C4<0>;
v0x145f97b00_0 .net/2u *"_ivl_368", 31 0, L_0x138079840;  1 drivers
v0x145f97bb0_0 .net *"_ivl_370", 0 0, L_0x145fab570;  1 drivers
v0x145f97c50_0 .net *"_ivl_373", 0 0, L_0x145fab140;  1 drivers
v0x145f97cf0_0 .net *"_ivl_374", 31 0, L_0x145fab230;  1 drivers
L_0x138079888 .functor BUFT 1, C4<00000000000000000000000000000>, C4<0>, C4<0>, C4<0>;
v0x145f97da0_0 .net *"_ivl_377", 28 0, L_0x138079888;  1 drivers
L_0x1380798d0 .functor BUFT 1, C4<00000000000000000000000000000111>, C4<0>, C4<0>, C4<0>;
v0x145f97e50_0 .net/2u *"_ivl_378", 31 0, L_0x1380798d0;  1 drivers
v0x145f97f00_0 .net *"_ivl_380", 0 0, L_0x145fab8f0;  1 drivers
v0x145f97fa0_0 .net *"_ivl_383", 0 0, L_0x145fab6b0;  1 drivers
L_0x138079918 .functor BUFT 1, C4<111>, C4<0>, C4<0>, C4<0>;
v0x145f98040_0 .net/2u *"_ivl_384", 2 0, L_0x138079918;  1 drivers
L_0x138079960 .functor BUFT 1, C4<000>, C4<0>, C4<0>, C4<0>;
v0x145f980f0_0 .net/2u *"_ivl_386", 2 0, L_0x138079960;  1 drivers
v0x145f981a0_0 .net *"_ivl_391", 31 0, L_0x145fabd20;  1 drivers
L_0x1380799a8 .functor BUFT 1, C4<0000000000000000000000>, C4<0>, C4<0>, C4<0>;
v0x145f98250_0 .net *"_ivl_394", 21 0, L_0x1380799a8;  1 drivers
L_0x1380799f0 .functor BUFT 1, C4<00000000000000000000000000000001>, C4<0>, C4<0>, C4<0>;
v0x145f98300_0 .net/2u *"_ivl_395", 31 0, L_0x1380799f0;  1 drivers
v0x145f983b0_0 .net *"_ivl_397", 0 0, L_0x145faba10;  1 drivers
v0x145f98450_0 .net *"_ivl_399", 31 0, L_0x145fabb30;  1 drivers
L_0x138079a38 .functor BUFT 1, C4<0000000000000000000000>, C4<0>, C4<0>, C4<0>;
v0x145f98500_0 .net *"_ivl_402", 21 0, L_0x138079a38;  1 drivers
L_0x138079a80 .functor BUFT 1, C4<00000000000000000000000111011110>, C4<0>, C4<0>, C4<0>;
v0x145f985b0_0 .net/2u *"_ivl_403", 31 0, L_0x138079a80;  1 drivers
v0x145f98660_0 .net *"_ivl_405", 0 0, L_0x145fac030;  1 drivers
v0x145f98700_0 .net *"_ivl_408", 0 0, L_0x145fac150;  1 drivers
v0x145f987a0_0 .net *"_ivl_409", 31 0, L_0x145fac240;  1 drivers
L_0x138079ac8 .functor BUFT 1, C4<0000000000000000000000>, C4<0>, C4<0>, C4<0>;
v0x145f98850_0 .net *"_ivl_412", 21 0, L_0x138079ac8;  1 drivers
L_0x138079b10 .functor BUFT 1, C4<00000000000000000000000000000001>, C4<0>, C4<0>, C4<0>;
v0x145f98900_0 .net/2u *"_ivl_413", 31 0, L_0x138079b10;  1 drivers
v0x145f989b0_0 .net *"_ivl_415", 0 0, L_0x145fabe00;  1 drivers
v0x145f98a50_0 .net *"_ivl_418", 0 0, L_0x145fabf40;  1 drivers
v0x145f98af0_0 .net *"_ivl_419", 31 0, L_0x145fac5f0;  1 drivers
L_0x138079b58 .functor BUFT 1, C4<0000000000000000000000>, C4<0>, C4<0>, C4<0>;
v0x145f98ba0_0 .net *"_ivl_422", 21 0, L_0x138079b58;  1 drivers
L_0x138079ba0 .functor BUFT 1, C4<00000000000000000000001001111110>, C4<0>, C4<0>, C4<0>;
v0x145f98c50_0 .net/2u *"_ivl_423", 31 0, L_0x138079ba0;  1 drivers
v0x145f98d00_0 .net *"_ivl_425", 0 0, L_0x145fac2e0;  1 drivers
v0x145f98da0_0 .net *"_ivl_428", 0 0, L_0x145fac400;  1 drivers
L_0x138079be8 .functor BUFT 1, C4<111>, C4<0>, C4<0>, C4<0>;
v0x145f98e40_0 .net/2u *"_ivl_429", 2 0, L_0x138079be8;  1 drivers
L_0x138079c30 .functor BUFT 1, C4<000>, C4<0>, C4<0>, C4<0>;
v0x145f98ef0_0 .net/2u *"_ivl_431", 2 0, L_0x138079c30;  1 drivers
v0x145f98fa0_0 .net *"_ivl_44", 31 0, L_0x145fa5d50;  1 drivers
L_0x1380785f8 .functor BUFT 1, C4<0000000000000000000000>, C4<0>, C4<0>, C4<0>;
v0x145f99050_0 .net *"_ivl_47", 21 0, L_0x1380785f8;  1 drivers
L_0x138078640 .functor BUFT 1, C4<00000000000000000000001010000000>, C4<0>, C4<0>, C4<0>;
v0x145f99100_0 .net/2u *"_ivl_48", 31 0, L_0x138078640;  1 drivers
v0x145f991b0_0 .net *"_ivl_50", 0 0, L_0x145fa5e30;  1 drivers
v0x145f99250_0 .net *"_ivl_52", 31 0, L_0x145fa5fb0;  1 drivers
L_0x138078688 .functor BUFT 1, C4<0000000000000000000000>, C4<0>, C4<0>, C4<0>;
v0x145f99300_0 .net *"_ivl_55", 21 0, L_0x138078688;  1 drivers
L_0x1380786d0 .functor BUFT 1, C4<00000000000000000000000111100000>, C4<0>, C4<0>, C4<0>;
v0x145f993b0_0 .net/2u *"_ivl_56", 31 0, L_0x1380786d0;  1 drivers
v0x145f99460_0 .net *"_ivl_58", 0 0, L_0x145fa6090;  1 drivers
v0x145f99500_0 .net *"_ivl_61", 0 0, L_0x145fa6220;  1 drivers
L_0x138078718 .functor BUFT 1, C4<111>, C4<0>, C4<0>, C4<0>;
v0x145f995a0_0 .net/2u *"_ivl_62", 2 0, L_0x138078718;  1 drivers
L_0x138078760 .functor BUFT 1, C4<000>, C4<0>, C4<0>, C4<0>;
v0x145f99650_0 .net/2u *"_ivl_64", 2 0, L_0x138078760;  1 drivers
v0x145f99700_0 .net *"_ivl_78", 31 0, L_0x145fa6450;  1 drivers
L_0x138078880 .functor BUFT 1, C4<0000000000000000000000>, C4<0>, C4<0>, C4<0>;
v0x145f997b0_0 .net *"_ivl_81", 21 0, L_0x138078880;  1 drivers
L_0x1380788c8 .functor BUFT 1, C4<00000000000000000000001010000000>, C4<0>, C4<0>, C4<0>;
v0x145f99860_0 .net/2u *"_ivl_82", 31 0, L_0x1380788c8;  1 drivers
v0x145f99910_0 .net *"_ivl_84", 0 0, L_0x145fa65f0;  1 drivers
v0x145f999b0_0 .net *"_ivl_86", 31 0, L_0x145fa6710;  1 drivers
L_0x138078910 .functor BUFT 1, C4<0000000000000000000000>, C4<0>, C4<0>, C4<0>;
v0x145f99a60_0 .net *"_ivl_89", 21 0, L_0x138078910;  1 drivers
L_0x138078958 .functor BUFT 1, C4<00000000000000000000000111100000>, C4<0>, C4<0>, C4<0>;
v0x145f99b10_0 .net/2u *"_ivl_90", 31 0, L_0x138078958;  1 drivers
v0x145f99bc0_0 .net *"_ivl_92", 0 0, L_0x145fa5b30;  1 drivers
v0x145f99c60_0 .net *"_ivl_95", 0 0, L_0x145fa6aa0;  1 drivers
L_0x1380789a0 .functor BUFT 1, C4<111>, C4<0>, C4<0>, C4<0>;
v0x145f99d00_0 .net/2u *"_ivl_96", 2 0, L_0x1380789a0;  1 drivers
L_0x1380789e8 .functor BUFT 1, C4<000>, C4<0>, C4<0>, C4<0>;
v0x145f99db0_0 .net/2u *"_ivl_98", 2 0, L_0x1380789e8;  1 drivers
v0x145f99e60_0 .net "bar_select_w", 2 0, L_0x145fa9520;  1 drivers
L_0x138078ac0 .functor BUFT 1, C4<1010000>, C4<0>, C4<0>, C4<0>;
v0x145f99f10_0 .net "bar_width_w", 6 0, L_0x138078ac0;  1 drivers
v0x145f99fc0_0 .var "blu_video_o", 2 0;
v0x145f9a070_0 .net "clk_i", 0 0, o0x138040070;  alias, 0 drivers
v0x145f9a100_0 .net "col_count_w", 9 0, v0x145f91f60_0;  1 drivers
v0x145f9a1c0_0 .var "grn_video_o", 2 0;
L_0x1380782e0 .functor BUFT 1, C4<000>, C4<0>, C4<0>, C4<0>;
v0x145f9a250 .array "pattern_blu", 15 0;
v0x145f9a250_0 .net v0x145f9a250 0, 2 0, L_0x1380782e0; 1 drivers
L_0x138078568 .functor BUFT 1, C4<000>, C4<0>, C4<0>, C4<0>;
v0x145f9a250_1 .net v0x145f9a250 1, 2 0, L_0x138078568; 1 drivers
L_0x1380787a8 .functor BUFT 1, C4<000>, C4<0>, C4<0>, C4<0>;
v0x145f9a250_2 .net v0x145f9a250 2, 2 0, L_0x1380787a8; 1 drivers
L_0x138078838 .functor BUFT 1, C4<000>, C4<0>, C4<0>, C4<0>;
RS_0x138042d70 .resolv tri, L_0x138078838, L_0x145fa6b90;
v0x145f9a250_3 .net8 v0x145f9a250 3, 2 0, RS_0x138042d70; 2 drivers
v0x145f9a250_4 .net v0x145f9a250 4, 2 0, L_0x145fa71c0; 1 drivers
RS_0x138042dd0 .resolv tri, L_0x145faadb0, L_0x145fab820;
v0x145f9a250_5 .net8 v0x145f9a250 5, 2 0, RS_0x138042dd0; 2 drivers
RS_0x138042e00 .resolv tri, L_0x145fac710, L_0x145fac8a0;
v0x145f9a250_6 .net8 v0x145f9a250 6, 2 0, RS_0x138042e00; 2 drivers
o0x138042e30 .functor BUFZ 3, C4<zzz>; HiZ drive
v0x145f9a250_7 .net v0x145f9a250 7, 2 0, o0x138042e30; 0 drivers
o0x138042e60 .functor BUFZ 3, C4<zzz>; HiZ drive
v0x145f9a250_8 .net v0x145f9a250 8, 2 0, o0x138042e60; 0 drivers
o0x138042e90 .functor BUFZ 3, C4<zzz>; HiZ drive
v0x145f9a250_9 .net v0x145f9a250 9, 2 0, o0x138042e90; 0 drivers
o0x138042ec0 .functor BUFZ 3, C4<zzz>; HiZ drive
v0x145f9a250_10 .net v0x145f9a250 10, 2 0, o0x138042ec0; 0 drivers
o0x138042ef0 .functor BUFZ 3, C4<zzz>; HiZ drive
v0x145f9a250_11 .net v0x145f9a250 11, 2 0, o0x138042ef0; 0 drivers
o0x138042f20 .functor BUFZ 3, C4<zzz>; HiZ drive
v0x145f9a250_12 .net v0x145f9a250 12, 2 0, o0x138042f20; 0 drivers
o0x138042f50 .functor BUFZ 3, C4<zzz>; HiZ drive
v0x145f9a250_13 .net v0x145f9a250 13, 2 0, o0x138042f50; 0 drivers
o0x138042f80 .functor BUFZ 3, C4<zzz>; HiZ drive
v0x145f9a250_14 .net v0x145f9a250 14, 2 0, o0x138042f80; 0 drivers
o0x138042fb0 .functor BUFZ 3, C4<zzz>; HiZ drive
v0x145f9a250_15 .net v0x145f9a250 15, 2 0, o0x138042fb0; 0 drivers
L_0x138078328 .functor BUFT 1, C4<000>, C4<0>, C4<0>, C4<0>;
v0x145f9a400 .array "pattern_grn", 15 0;
v0x145f9a400_0 .net v0x145f9a400 0, 2 0, L_0x138078328; 1 drivers
L_0x138078520 .functor BUFT 1, C4<000>, C4<0>, C4<0>, C4<0>;
v0x145f9a400_1 .net v0x145f9a400 1, 2 0, L_0x138078520; 1 drivers
v0x145f9a400_2 .net v0x145f9a400 2, 2 0, L_0x145fa62d0; 1 drivers
o0x138043070 .functor BUFZ 3, C4<zzz>; HiZ drive
v0x145f9a400_3 .net v0x145f9a400 3, 2 0, o0x138043070; 0 drivers
v0x145f9a400_4 .net v0x145f9a400 4, 2 0, L_0x145fa7110; 1 drivers
o0x1380430d0 .functor BUFZ 3, C4<zzz>; HiZ drive
v0x145f9a400_5 .net v0x145f9a400 5, 2 0, o0x1380430d0; 0 drivers
o0x138043100 .functor BUFZ 3, C4<zzz>; HiZ drive
v0x145f9a400_6 .net v0x145f9a400 6, 2 0, o0x138043100; 0 drivers
o0x138043130 .functor BUFZ 3, C4<zzz>; HiZ drive
v0x145f9a400_7 .net v0x145f9a400 7, 2 0, o0x138043130; 0 drivers
o0x138043160 .functor BUFZ 3, C4<zzz>; HiZ drive
v0x145f9a400_8 .net v0x145f9a400 8, 2 0, o0x138043160; 0 drivers
o0x138043190 .functor BUFZ 3, C4<zzz>; HiZ drive
v0x145f9a400_9 .net v0x145f9a400 9, 2 0, o0x138043190; 0 drivers
o0x1380431c0 .functor BUFZ 3, C4<zzz>; HiZ drive
v0x145f9a400_10 .net v0x145f9a400 10, 2 0, o0x1380431c0; 0 drivers
o0x1380431f0 .functor BUFZ 3, C4<zzz>; HiZ drive
v0x145f9a400_11 .net v0x145f9a400 11, 2 0, o0x1380431f0; 0 drivers
o0x138043220 .functor BUFZ 3, C4<zzz>; HiZ drive
v0x145f9a400_12 .net v0x145f9a400 12, 2 0, o0x138043220; 0 drivers
o0x138043250 .functor BUFZ 3, C4<zzz>; HiZ drive
v0x145f9a400_13 .net v0x145f9a400 13, 2 0, o0x138043250; 0 drivers
o0x138043280 .functor BUFZ 3, C4<zzz>; HiZ drive
v0x145f9a400_14 .net v0x145f9a400 14, 2 0, o0x138043280; 0 drivers
o0x1380432b0 .functor BUFZ 3, C4<zzz>; HiZ drive
v0x145f9a400_15 .net v0x145f9a400 15, 2 0, o0x1380432b0; 0 drivers
v0x145f9a620_0 .net "pattern_i", 3 0, v0x145fa00c0_0;  1 drivers
L_0x138078298 .functor BUFT 1, C4<000>, C4<0>, C4<0>, C4<0>;
v0x145f9a6d0 .array "pattern_red", 15 0;
v0x145f9a6d0_0 .net v0x145f9a6d0 0, 2 0, L_0x138078298; 1 drivers
v0x145f9a6d0_1 .net v0x145f9a6d0 1, 2 0, L_0x145fa5c30; 1 drivers
L_0x1380785b0 .functor BUFT 1, C4<000>, C4<0>, C4<0>, C4<0>;
v0x145f9a6d0_2 .net v0x145f9a6d0 2, 2 0, L_0x1380785b0; 1 drivers
L_0x1380787f0 .functor BUFT 1, C4<000>, C4<0>, C4<0>, C4<0>;
v0x145f9a6d0_3 .net v0x145f9a6d0 3, 2 0, L_0x1380787f0; 1 drivers
v0x145f9a6d0_4 .net v0x145f9a6d0 4, 2 0, L_0x145fa6fb0; 1 drivers
v0x145f9a6d0_5 .net v0x145f9a6d0 5, 2 0, L_0x145faa0d0; 1 drivers
v0x145f9a6d0_6 .net v0x145f9a6d0 6, 2 0, L_0x145fac920; 1 drivers
o0x138043460 .functor BUFZ 3, C4<zzz>; HiZ drive
v0x145f9a6d0_7 .net v0x145f9a6d0 7, 2 0, o0x138043460; 0 drivers
o0x138043490 .functor BUFZ 3, C4<zzz>; HiZ drive
v0x145f9a6d0_8 .net v0x145f9a6d0 8, 2 0, o0x138043490; 0 drivers
o0x1380434c0 .functor BUFZ 3, C4<zzz>; HiZ drive
v0x145f9a6d0_9 .net v0x145f9a6d0 9, 2 0, o0x1380434c0; 0 drivers
o0x1380434f0 .functor BUFZ 3, C4<zzz>; HiZ drive
v0x145f9a6d0_10 .net v0x145f9a6d0 10, 2 0, o0x1380434f0; 0 drivers
o0x138043520 .functor BUFZ 3, C4<zzz>; HiZ drive
v0x145f9a6d0_11 .net v0x145f9a6d0 11, 2 0, o0x138043520; 0 drivers
o0x138043550 .functor BUFZ 3, C4<zzz>; HiZ drive
v0x145f9a6d0_12 .net v0x145f9a6d0 12, 2 0, o0x138043550; 0 drivers
o0x138043580 .functor BUFZ 3, C4<zzz>; HiZ drive
v0x145f9a6d0_13 .net v0x145f9a6d0 13, 2 0, o0x138043580; 0 drivers
o0x1380435b0 .functor BUFZ 3, C4<zzz>; HiZ drive
v0x145f9a6d0_14 .net v0x145f9a6d0 14, 2 0, o0x1380435b0; 0 drivers
o0x1380435e0 .functor BUFZ 3, C4<zzz>; HiZ drive
v0x145f9a6d0_15 .net v0x145f9a6d0 15, 2 0, o0x1380435e0; 0 drivers
v0x145f9a8f0_0 .var "red_video_o", 2 0;
v0x145f9a9a0_0 .net "row_count_w", 9 0, v0x145f92090_0;  1 drivers
L_0x145fa5520 .concat [ 10 22 0 0], v0x145f91f60_0, L_0x138078370;
L_0x145fa5680 .cmp/gt 32, L_0x1380783b8, L_0x145fa5520;
L_0x145fa57c0 .concat [ 10 22 0 0], v0x145f92090_0, L_0x138078400;
L_0x145fa5900 .cmp/gt 32, L_0x138078448, L_0x145fa57c0;
L_0x145fa5c30 .functor MUXZ 3, L_0x1380784d8, L_0x138078490, L_0x145fa5a40, C4<>;
L_0x145fa5d50 .concat [ 10 22 0 0], v0x145f91f60_0, L_0x1380785f8;
L_0x145fa5e30 .cmp/gt 32, L_0x138078640, L_0x145fa5d50;
L_0x145fa5fb0 .concat [ 10 22 0 0], v0x145f92090_0, L_0x138078688;
L_0x145fa6090 .cmp/gt 32, L_0x1380786d0, L_0x145fa5fb0;
L_0x145fa62d0 .functor MUXZ 3, L_0x138078760, L_0x138078718, L_0x145fa6220, C4<>;
L_0x145fa6450 .concat [ 10 22 0 0], v0x145f91f60_0, L_0x138078880;
L_0x145fa65f0 .cmp/gt 32, L_0x1380788c8, L_0x145fa6450;
L_0x145fa6710 .concat [ 10 22 0 0], v0x145f92090_0, L_0x138078910;
L_0x145fa5b30 .cmp/gt 32, L_0x138078958, L_0x145fa6710;
L_0x145fa6b90 .functor MUXZ 3, L_0x1380789e8, L_0x1380789a0, L_0x145fa6aa0, C4<>;
L_0x145fa6d70 .part v0x145f91f60_0, 5, 1;
L_0x145fa6e10 .part v0x145f92090_0, 5, 1;
L_0x145fa6fb0 .functor MUXZ 3, L_0x138078a78, L_0x138078a30, L_0x145fa6f40, C4<>;
L_0x145fa7230 .concat [ 10 22 0 0], v0x145f91f60_0, L_0x138078b08;
L_0x145fa73f0 .arith/mult 32, L_0x138079c78, L_0x138078b50;
L_0x145fa7490 .cmp/gt 32, L_0x145fa73f0, L_0x145fa7230;
L_0x145fa7310 .concat [ 10 22 0 0], v0x145f91f60_0, L_0x138078be0;
L_0x145fa76e0 .arith/mult 32, L_0x138079cc0, L_0x138078c28;
L_0x145fa78c0 .cmp/gt 32, L_0x145fa76e0, L_0x145fa7310;
L_0x145fa7960 .concat [ 10 22 0 0], v0x145f91f60_0, L_0x138078cb8;
L_0x145fa7800 .arith/mult 32, L_0x138079d08, L_0x138078d00;
L_0x145fa7c30 .cmp/gt 32, L_0x145fa7800, L_0x145fa7960;
L_0x145fa7b20 .concat [ 10 22 0 0], v0x145f91f60_0, L_0x138078d90;
L_0x145fa7e70 .arith/mult 32, L_0x138079d50, L_0x138078dd8;
L_0x145fa8060 .cmp/gt 32, L_0x145fa7e70, L_0x145fa7b20;
L_0x145fa8100 .concat [ 10 22 0 0], v0x145f91f60_0, L_0x138078e68;
L_0x145fa7f70 .arith/mult 32, L_0x138079d98, L_0x138078eb0;
L_0x145fa8320 .cmp/gt 32, L_0x145fa7f70, L_0x145fa8100;
L_0x145fa81a0 .concat [ 10 22 0 0], v0x145f91f60_0, L_0x138078f40;
L_0x145fa8550 .arith/mult 32, L_0x138079de0, L_0x138078f88;
L_0x145fa8440 .cmp/gt 32, L_0x145fa8550, L_0x145fa81a0;
L_0x145fa87d0 .concat [ 10 22 0 0], v0x145f91f60_0, L_0x138079018;
L_0x145fa86b0 .arith/mult 32, L_0x138079e28, L_0x138079060;
L_0x145fa8a00 .cmp/gt 32, L_0x145fa86b0, L_0x145fa87d0;
L_0x145fa8890 .functor MUXZ 4, L_0x1380790f0, L_0x1380790a8, L_0x145fa8a00, C4<>;
L_0x145fa8ce0 .functor MUXZ 4, L_0x145fa8890, L_0x138078fd0, L_0x145fa8440, C4<>;
L_0x145fa8ed0 .functor MUXZ 4, L_0x145fa8ce0, L_0x138078ef8, L_0x145fa8320, C4<>;
L_0x145fa8fb0 .functor MUXZ 4, L_0x145fa8ed0, L_0x138078e20, L_0x145fa8060, C4<>;
L_0x145fa91b0 .functor MUXZ 4, L_0x145fa8fb0, L_0x138078d48, L_0x145fa7c30, C4<>;
L_0x145fa9290 .functor MUXZ 4, L_0x145fa91b0, L_0x138078c70, L_0x145fa78c0, C4<>;
L_0x145fa90d0 .functor MUXZ 4, L_0x145fa9290, L_0x138078b98, L_0x145fa7490, C4<>;
L_0x145fa9520 .part L_0x145fa90d0, 0, 3;
L_0x145fa9330 .concat [ 3 29 0 0], L_0x145fa9520, L_0x138079138;
L_0x145fa9780 .cmp/eq 32, L_0x145fa9330, L_0x138079180;
L_0x145fa9600 .concat [ 3 29 0 0], L_0x145fa9520, L_0x1380791c8;
L_0x145fa96e0 .cmp/eq 32, L_0x145fa9600, L_0x138079210;
L_0x145fa9a00 .concat [ 3 29 0 0], L_0x145fa9520, L_0x138079258;
L_0x145fa9b20 .cmp/eq 32, L_0x145fa9a00, L_0x1380792a0;
L_0x145fa9950 .concat [ 3 29 0 0], L_0x145fa9520, L_0x1380792e8;
L_0x145fa9df0 .cmp/eq 32, L_0x145fa9950, L_0x138079330;
L_0x145faa0d0 .functor MUXZ 3, L_0x1380793c0, L_0x138079378, L_0x145fa9c00, C4<>;
L_0x145faa1b0 .concat [ 3 29 0 0], L_0x145fa9520, L_0x138079408;
L_0x145fa9f50 .cmp/eq 32, L_0x145faa1b0, L_0x138079450;
L_0x145faa420 .concat [ 3 29 0 0], L_0x145fa9520, L_0x138079498;
L_0x145faa250 .cmp/eq 32, L_0x145faa420, L_0x1380794e0;
L_0x145faa6e0 .concat [ 3 29 0 0], L_0x145fa9520, L_0x138079528;
L_0x145faa4c0 .cmp/eq 32, L_0x145faa6e0, L_0x138079570;
L_0x145faaad0 .concat [ 3 29 0 0], L_0x145fa9520, L_0x1380795b8;
L_0x145faa880 .cmp/eq 32, L_0x145faaad0, L_0x138079600;
L_0x145faadb0 .functor MUXZ 3, L_0x138079690, L_0x138079648, L_0x145faa9a0, C4<>;
L_0x145faac30 .concat [ 3 29 0 0], L_0x145fa9520, L_0x1380796d8;
L_0x145fab060 .cmp/eq 32, L_0x145faac30, L_0x138079720;
L_0x145faae50 .concat [ 3 29 0 0], L_0x145fa9520, L_0x138079768;
L_0x145faaf30 .cmp/eq 32, L_0x145faae50, L_0x1380797b0;
L_0x145fab4d0 .concat [ 3 29 0 0], L_0x145fa9520, L_0x1380797f8;
L_0x145fab570 .cmp/eq 32, L_0x145fab4d0, L_0x138079840;
L_0x145fab230 .concat [ 3 29 0 0], L_0x145fa9520, L_0x138079888;
L_0x145fab8f0 .cmp/eq 32, L_0x145fab230, L_0x1380798d0;
L_0x145fab820 .functor MUXZ 3, L_0x138079960, L_0x138079918, L_0x145fab6b0, C4<>;
L_0x145fabd20 .concat [ 10 22 0 0], v0x145f92090_0, L_0x1380799a8;
L_0x145faba10 .cmp/ge 32, L_0x1380799f0, L_0x145fabd20;
L_0x145fabb30 .concat [ 10 22 0 0], v0x145f92090_0, L_0x138079a38;
L_0x145fac030 .cmp/ge 32, L_0x145fabb30, L_0x138079a80;
L_0x145fac240 .concat [ 10 22 0 0], v0x145f91f60_0, L_0x138079ac8;
L_0x145fabe00 .cmp/ge 32, L_0x138079b10, L_0x145fac240;
L_0x145fac5f0 .concat [ 10 22 0 0], v0x145f91f60_0, L_0x138079b58;
L_0x145fac2e0 .cmp/ge 32, L_0x145fac5f0, L_0x138079ba0;
L_0x145fac920 .functor MUXZ 3, L_0x138079c30, L_0x138079be8, L_0x145fac400, C4<>;
S_0x145f91790 .scope module, "UUT" "Sync_Count" 4 35, 5 2 0, S_0x145f91170;
 .timescale 0 0;
    .port_info 0 /INPUT 1 "clk_i";
    .port_info 1 /INPUT 1 "Hsync_i";
    .port_info 2 /INPUT 1 "Vsync_i";
    .port_info 3 /OUTPUT 1 "Hsync_o";
    .port_info 4 /OUTPUT 1 "Vsync_o";
    .port_info 5 /OUTPUT 10 "col_count_o";
    .port_info 6 /OUTPUT 10 "row_count_o";
P_0x145f91460 .param/l "TOTAL_COLS" 0 5 3, +C4<00000000000000000000001100100000>;
P_0x145f914a0 .param/l "TOTAL_ROWS" 0 5 4, +C4<00000000000000000000001000001101>;
L_0x145fa53c0 .functor NOT 1, v0x145f91d60_0, C4<0>, C4<0>, C4<0>;
L_0x145fa5470 .functor AND 1, L_0x145fa53c0, L_0x145fa5260, C4<1>, C4<1>;
v0x145f91b80_0 .net "Hsync_i", 0 0, L_0x145fa4dd0;  alias, 1 drivers
v0x145f91c30_0 .var "Hsync_o", 0 0;
v0x145f91cd0_0 .net "Vsync_i", 0 0, L_0x145fa5260;  alias, 1 drivers
v0x145f91d60_0 .var "Vsync_o", 0 0;
v0x145f91df0_0 .net *"_ivl_0", 0 0, L_0x145fa53c0;  1 drivers
v0x145f91e90_0 .net "clk_i", 0 0, o0x138040070;  alias, 0 drivers
v0x145f91f60_0 .var "col_count_o", 9 0;
v0x145f91ff0_0 .net "frame_start_w", 0 0, L_0x145fa5470;  1 drivers
v0x145f92090_0 .var "row_count_o", 9 0;
S_0x145f9ab30 .scope module, "UART_RX_Inst" "UART_RX" 2 71, 6 5 0, S_0x145f60690;
 .timescale 0 0;
    .port_info 0 /INPUT 1 "clk_i";
    .port_info 1 /INPUT 1 "rx_serial_i";
    .port_info 2 /OUTPUT 1 "rx_dv_o";
    .port_info 3 /OUTPUT 8 "rx_byte_o";
P_0x145f9aca0 .param/l "CLEANUP" 1 6 18, C4<100>;
P_0x145f9ace0 .param/l "CLKS_PER_BIT" 0 6 5, +C4<00000000000000000000000011011001>;
P_0x145f9ad20 .param/l "IDLE" 1 6 14, C4<000>;
P_0x145f9ad60 .param/l "RX_DATA_BITS" 1 6 16, C4<010>;
P_0x145f9ada0 .param/l "RX_START_BIT" 1 6 15, C4<001>;
P_0x145f9ade0 .param/l "RX_STOP_BITS" 1 6 17, C4<011>;
L_0x145fa2790 .functor BUFZ 1, v0x145f9b520_0, C4<0>, C4<0>, C4<0>;
v0x145f9b0b0_0 .var "bit_index_r", 2 0;
v0x145f9b150_0 .var "clk_count_r", 7 0;
v0x145f9b200_0 .net "clk_i", 0 0, o0x138040070;  alias, 0 drivers
v0x145f9b330_0 .net "rx_byte_o", 7 0, v0x145f9b3d0_0;  alias, 1 drivers
v0x145f9b3d0_0 .var "rx_byte_r", 7 0;
v0x145f9b480_0 .net "rx_dv_o", 0 0, L_0x145fa2790;  alias, 1 drivers
v0x145f9b520_0 .var "rx_dv_r", 0 0;
v0x145f9b5c0_0 .net "rx_serial_i", 0 0, o0x138043910;  alias, 0 drivers
v0x145f9b660_0 .var "state_r", 2 0;
S_0x145f9b7d0 .scope module, "UART_TX_Inst" "UART_TX" 2 80, 7 3 0, S_0x145f60690;
 .timescale 0 0;
    .port_info 0 /INPUT 1 "clk_i";
    .port_info 1 /INPUT 1 "tx_dv_i";
    .port_info 2 /INPUT 8 "tx_byte_i";
    .port_info 3 /OUTPUT 1 "tx_active_o";
    .port_info 4 /OUTPUT 1 "tx_serial_o";
    .port_info 5 /OUTPUT 1 "tx_done_o";
P_0x145f9b990 .param/l "CLEANUP" 1 7 18, C4<100>;
P_0x145f9b9d0 .param/l "CLKS_PER_BIT" 0 7 3, +C4<00000000000000000000000011011001>;
P_0x145f9ba10 .param/l "IDLE" 1 7 14, C4<000>;
P_0x145f9ba50 .param/l "TX_DATA_BITS" 1 7 16, C4<010>;
P_0x145f9ba90 .param/l "TX_START_BIT" 1 7 15, C4<001>;
P_0x145f9bad0 .param/l "TX_STOP_BIT" 1 7 17, C4<011>;
L_0x145fa28c0 .functor BUFZ 1, v0x145f9c420_0, C4<0>, C4<0>, C4<0>;
v0x145f9bda0_0 .var "bit_index_r", 2 0;
v0x145f9be40_0 .var "clk_count_r", 7 0;
v0x145f9bef0_0 .net "clk_i", 0 0, o0x138040070;  alias, 0 drivers
v0x145f9bfa0_0 .var "state_r", 2 0;
v0x145f9c040_0 .net "tx_active_o", 0 0, v0x145f9c120_0;  alias, 1 drivers
v0x145f9c120_0 .var "tx_active_r", 0 0;
v0x145f9c1c0_0 .net "tx_byte_i", 7 0, v0x145f9b3d0_0;  alias, 1 drivers
v0x145f9c260_0 .var "tx_data_r", 7 0;
v0x145f9c300_0 .net "tx_done_o", 0 0, L_0x145fa28c0;  1 drivers
v0x145f9c420_0 .var "tx_done_r", 0 0;
v0x145f9c4c0_0 .net "tx_dv_i", 0 0, L_0x145fa29a0;  alias, 1 drivers
v0x145f9c560_0 .var "tx_serial_o", 0 0;
S_0x145f9c690 .scope module, "VGA_Sync_Inst" "VGA_Sync_Pulse" 2 142, 8 1 0, S_0x145f60690;
 .timescale 0 0;
    .port_info 0 /INPUT 1 "clk_i";
    .port_info 1 /OUTPUT 1 "Hsync_o";
    .port_info 2 /OUTPUT 1 "Vsync_o";
    .port_info 3 /OUTPUT 10 "col_count_o";
    .port_info 4 /OUTPUT 10 "row_count_o";
P_0x145f9c850 .param/l "ACTIVE_COLS" 0 8 4, +C4<00000000000000000000001010000000>;
P_0x145f9c890 .param/l "ACTIVE_ROWS" 0 8 5, +C4<00000000000000000000000111100000>;
P_0x145f9c8d0 .param/l "TOTAL_COLS" 0 8 2, +C4<00000000000000000000001100100000>;
P_0x145f9c910 .param/l "TOTAL_ROWS" 0 8 3, +C4<00000000000000000000001000001101>;
v0x145f9cb20_0 .net "Hsync_o", 0 0, L_0x145fa4dd0;  alias, 1 drivers
v0x145f9cbf0_0 .net "Vsync_o", 0 0, L_0x145fa5260;  alias, 1 drivers
v0x145f9ccd0_0 .net *"_ivl_0", 31 0, L_0x145fa4700;  1 drivers
L_0x138078130 .functor BUFT 1, C4<0>, C4<0>, C4<0>, C4<0>;
v0x145f9cd60_0 .net/2u *"_ivl_10", 0 0, L_0x138078130;  1 drivers
v0x145f9cdf0_0 .net *"_ivl_14", 31 0, L_0x145fa4f70;  1 drivers
L_0x138078178 .functor BUFT 1, C4<0000000000000000000000>, C4<0>, C4<0>, C4<0>;
v0x145f9cee0_0 .net *"_ivl_17", 21 0, L_0x138078178;  1 drivers
L_0x1380781c0 .functor BUFT 1, C4<00000000000000000000000111011111>, C4<0>, C4<0>, C4<0>;
v0x145f9cf90_0 .net/2u *"_ivl_18", 31 0, L_0x1380781c0;  1 drivers
v0x145f9d040_0 .net *"_ivl_20", 0 0, L_0x145fa5070;  1 drivers
L_0x138078208 .functor BUFT 1, C4<1>, C4<0>, C4<0>, C4<0>;
v0x145f9d0e0_0 .net/2u *"_ivl_22", 0 0, L_0x138078208;  1 drivers
L_0x138078250 .functor BUFT 1, C4<0>, C4<0>, C4<0>, C4<0>;
v0x145f9d1f0_0 .net/2u *"_ivl_24", 0 0, L_0x138078250;  1 drivers
L_0x138078058 .functor BUFT 1, C4<0000000000000000000000>, C4<0>, C4<0>, C4<0>;
v0x145f9d2a0_0 .net *"_ivl_3", 21 0, L_0x138078058;  1 drivers
L_0x1380780a0 .functor BUFT 1, C4<00000000000000000000001001111111>, C4<0>, C4<0>, C4<0>;
v0x145f9d350_0 .net/2u *"_ivl_4", 31 0, L_0x1380780a0;  1 drivers
v0x145f9d400_0 .net *"_ivl_6", 0 0, L_0x145fa4cb0;  1 drivers
L_0x1380780e8 .functor BUFT 1, C4<1>, C4<0>, C4<0>, C4<0>;
v0x145f9d4a0_0 .net/2u *"_ivl_8", 0 0, L_0x1380780e8;  1 drivers
v0x145f9d550_0 .net "clk_i", 0 0, o0x138040070;  alias, 0 drivers
v0x145f9d5e0_0 .var "col_count_o", 9 0;
v0x145f9d690_0 .var "row_count_o", 9 0;
L_0x145fa4700 .concat [ 10 22 0 0], v0x145f9d5e0_0, L_0x138078058;
L_0x145fa4cb0 .cmp/gt 32, L_0x1380780a0, L_0x145fa4700;
L_0x145fa4dd0 .functor MUXZ 1, L_0x138078130, L_0x1380780e8, L_0x145fa4cb0, C4<>;
L_0x145fa4f70 .concat [ 10 22 0 0], v0x145f9d690_0, L_0x138078178;
L_0x145fa5070 .cmp/gt 32, L_0x1380781c0, L_0x145fa4f70;
L_0x145fa5260 .functor MUXZ 1, L_0x138078250, L_0x138078208, L_0x145fa5070, C4<>;
S_0x145f9d880 .scope module, "vga_sync_porch_inst" "VGA_Sync_Porch" 2 176, 9 1 0, S_0x145f60690;
 .timescale 0 0;
    .port_info 0 /INPUT 1 "clk_i";
    .port_info 1 /INPUT 1 "Hsync_i";
    .port_info 2 /INPUT 1 "Vsync_i";
    .port_info 3 /INPUT 3 "red_video_i";
    .port_info 4 /INPUT 3 "grn_video_i";
    .port_info 5 /INPUT 3 "blu_video_i";
    .port_info 6 /OUTPUT 1 "Hsync_o";
    .port_info 7 /OUTPUT 1 "Vsync_o";
    .port_info 8 /OUTPUT 3 "red_video_o";
    .port_info 9 /OUTPUT 3 "grn_video_o";
    .port_info 10 /OUTPUT 3 "blu_video_o";
P_0x145f9d9f0 .param/l "ACTIVE_COLS" 0 9 4, +C4<00000000000000000000001010000000>;
P_0x145f9da30 .param/l "ACTIVE_ROWS" 0 9 5, +C4<00000000000000000000000111100000>;
P_0x145f9da70 .param/l "BACK_PORCH_HORIZ" 1 9 22, +C4<00000000000000000000000000110010>;
P_0x145f9dab0 .param/l "BACK_PORCH_VERT" 1 9 24, +C4<00000000000000000000000000100001>;
P_0x145f9daf0 .param/l "FRONT_PORCH_HORIZ" 1 9 21, +C4<00000000000000000000000000010010>;
P_0x145f9db30 .param/l "FRONT_PORCH_VERT" 1 9 23, +C4<00000000000000000000000000001010>;
P_0x145f9db70 .param/l "TOTAL_COLS" 0 9 2, +C4<00000000000000000000001100100000>;
P_0x145f9dbb0 .param/l "TOTAL_ROWS" 0 9 3, +C4<00000000000000000000001000001101>;
P_0x145f9dbf0 .param/l "VIDEO_WIDTH" 0 9 1, +C4<00000000000000000000000000000011>;
v0x145f9eb90_0 .net "Hsync_i", 0 0, v0x145f922d0_0;  alias, 1 drivers
v0x145f9ec30_0 .var "Hsync_o", 0 0;
v0x145f9ecd0_0 .net "Hsync_w", 0 0, v0x145f9e5e0_0;  1 drivers
o0x1380440f0 .functor BUFZ 1, C4<z>; HiZ drive
v0x145f9ed80_0 .net "Vsnyc_i", 0 0, o0x1380440f0;  0 drivers
v0x145f9ee30_0 .net "Vsync_i", 0 0, v0x145f924a0_0;  alias, 1 drivers
v0x145f9ef00_0 .var "Vsync_o", 0 0;
v0x145f9ef90_0 .net "Vsync_w", 0 0, v0x145f9e700_0;  1 drivers
v0x145f9f040_0 .net "blu_video_i", 2 0, v0x145f99fc0_0;  alias, 1 drivers
v0x145f9f0f0_0 .var "blu_video_o", 2 0;
v0x145f9f200_0 .var "blu_video_r", 2 0;
v0x145f9f290_0 .net "clk_i", 0 0, o0x138040070;  alias, 0 drivers
v0x145f9f420_0 .net "col_count_w", 9 0, v0x145f9e8c0_0;  1 drivers
v0x145f9f4b0_0 .net "grn_video_i", 2 0, v0x145f9a1c0_0;  alias, 1 drivers
v0x145f9f540_0 .var "grn_video_o", 2 0;
v0x145f9f5d0_0 .var "grn_video_r", 2 0;
v0x145f9f660_0 .net "red_video_i", 2 0, v0x145f9a8f0_0;  alias, 1 drivers
v0x145f9f6f0_0 .var "red_video_o", 2 0;
v0x145f9f880_0 .var "red_video_r", 2 0;
v0x145f9f930_0 .net "row_count_w", 9 0, v0x145f9ea10_0;  1 drivers
S_0x145f9e140 .scope module, "UUT" "Sync_Count" 9 37, 5 2 0, S_0x145f9d880;
 .timescale 0 0;
    .port_info 0 /INPUT 1 "clk_i";
    .port_info 1 /INPUT 1 "Hsync_i";
    .port_info 2 /INPUT 1 "Vsync_i";
    .port_info 3 /OUTPUT 1 "Hsync_o";
    .port_info 4 /OUTPUT 1 "Vsync_o";
    .port_info 5 /OUTPUT 10 "col_count_o";
    .port_info 6 /OUTPUT 10 "row_count_o";
P_0x145f9dc70 .param/l "TOTAL_COLS" 0 5 3, +C4<00000000000000000000001100100000>;
P_0x145f9dcb0 .param/l "TOTAL_ROWS" 0 5 4, +C4<00000000000000000000001000001101>;
L_0x145fac560 .functor NOT 1, v0x145f9e700_0, C4<0>, C4<0>, C4<0>;
L_0x145facca0 .functor AND 1, L_0x145fac560, o0x1380440f0, C4<1>, C4<1>;
v0x145f9e530_0 .net "Hsync_i", 0 0, v0x145f922d0_0;  alias, 1 drivers
v0x145f9e5e0_0 .var "Hsync_o", 0 0;
v0x145f9e670_0 .net "Vsync_i", 0 0, o0x1380440f0;  alias, 0 drivers
v0x145f9e700_0 .var "Vsync_o", 0 0;
v0x145f9e790_0 .net *"_ivl_0", 0 0, L_0x145fac560;  1 drivers
v0x145f9e830_0 .net "clk_i", 0 0, o0x138040070;  alias, 0 drivers
v0x145f9e8c0_0 .var "col_count_o", 9 0;
v0x145f9e970_0 .net "frame_start_w", 0 0, L_0x145facca0;  1 drivers
v0x145f9ea10_0 .var "row_count_o", 9 0;
    .scope S_0x145f9ab30;
T_0 ;
    %pushi/vec4 0, 0, 8;
    %store/vec4 v0x145f9b150_0, 0, 8;
    %pushi/vec4 0, 0, 3;
    %store/vec4 v0x145f9b0b0_0, 0, 3;
    %end;
    .thread T_0;
    .scope S_0x145f9ab30;
T_1 ;
    %wait E_0x145f10880;
    %load/vec4 v0x145f9b660_0;
    %dup/vec4;
    %pushi/vec4 0, 0, 3;
    %cmp/u;
    %jmp/1 T_1.0, 6;
    %dup/vec4;
    %pushi/vec4 1, 0, 3;
    %cmp/u;
    %jmp/1 T_1.1, 6;
    %dup/vec4;
    %pushi/vec4 2, 0, 3;
    %cmp/u;
    %jmp/1 T_1.2, 6;
    %dup/vec4;
    %pushi/vec4 3, 0, 3;
    %cmp/u;
    %jmp/1 T_1.3, 6;
    %dup/vec4;
    %pushi/vec4 4, 0, 3;
    %cmp/u;
    %jmp/1 T_1.4, 6;
    %pushi/vec4 0, 0, 3;
    %assign/vec4 v0x145f9b660_0, 0;
    %jmp T_1.6;
T_1.0 ;
    %pushi/vec4 0, 0, 1;
    %assign/vec4 v0x145f9b520_0, 0;
    %pushi/vec4 0, 0, 8;
    %assign/vec4 v0x145f9b150_0, 0;
    %pushi/vec4 0, 0, 3;
    %assign/vec4 v0x145f9b0b0_0, 0;
    %load/vec4 v0x145f9b5c0_0;
    %cmpi/e 0, 0, 1;
    %jmp/0xz  T_1.7, 4;
    %pushi/vec4 1, 0, 3;
    %assign/vec4 v0x145f9b660_0, 0;
    %jmp T_1.8;
T_1.7 ;
    %pushi/vec4 0, 0, 3;
    %assign/vec4 v0x145f9b660_0, 0;
T_1.8 ;
    %jmp T_1.6;
T_1.1 ;
    %load/vec4 v0x145f9b150_0;
    %pad/u 32;
    %cmpi/e 108, 0, 32;
    %jmp/0xz  T_1.9, 4;
    %load/vec4 v0x145f9b5c0_0;
    %cmpi/e 0, 0, 1;
    %jmp/0xz  T_1.11, 4;
    %pushi/vec4 0, 0, 8;
    %assign/vec4 v0x145f9b150_0, 0;
    %pushi/vec4 2, 0, 3;
    %assign/vec4 v0x145f9b660_0, 0;
    %jmp T_1.12;
T_1.11 ;
    %pushi/vec4 0, 0, 3;
    %assign/vec4 v0x145f9b660_0, 0;
T_1.12 ;
    %jmp T_1.10;
T_1.9 ;
    %load/vec4 v0x145f9b150_0;
    %addi 1, 0, 8;
    %assign/vec4 v0x145f9b150_0, 0;
    %pushi/vec4 1, 0, 3;
    %assign/vec4 v0x145f9b660_0, 0;
T_1.10 ;
    %jmp T_1.6;
T_1.2 ;
    %load/vec4 v0x145f9b150_0;
    %pad/u 32;
    %cmpi/u 216, 0, 32;
    %jmp/0xz  T_1.13, 5;
    %load/vec4 v0x145f9b150_0;
    %addi 1, 0, 8;
    %assign/vec4 v0x145f9b150_0, 0;
    %pushi/vec4 2, 0, 3;
    %assign/vec4 v0x145f9b660_0, 0;
    %jmp T_1.14;
T_1.13 ;
    %pushi/vec4 0, 0, 8;
    %assign/vec4 v0x145f9b150_0, 0;
    %load/vec4 v0x145f9b5c0_0;
    %ix/load 5, 0, 0;
    %ix/getv 4, v0x145f9b0b0_0;
    %assign/vec4/off/d v0x145f9b3d0_0, 4, 5;
    %load/vec4 v0x145f9b0b0_0;
    %pad/u 32;
    %cmpi/u 7, 0, 32;
    %jmp/0xz  T_1.15, 5;
    %load/vec4 v0x145f9b0b0_0;
    %addi 1, 0, 3;
    %assign/vec4 v0x145f9b0b0_0, 0;
    %pushi/vec4 2, 0, 3;
    %assign/vec4 v0x145f9b660_0, 0;
    %jmp T_1.16;
T_1.15 ;
    %pushi/vec4 0, 0, 3;
    %assign/vec4 v0x145f9b0b0_0, 0;
    %pushi/vec4 3, 0, 3;
    %assign/vec4 v0x145f9b660_0, 0;
T_1.16 ;
T_1.14 ;
    %jmp T_1.6;
T_1.3 ;
    %load/vec4 v0x145f9b150_0;
    %pad/u 32;
    %cmpi/u 216, 0, 32;
    %jmp/0xz  T_1.17, 5;
    %load/vec4 v0x145f9b150_0;
    %addi 1, 0, 8;
    %assign/vec4 v0x145f9b150_0, 0;
    %pushi/vec4 3, 0, 3;
    %assign/vec4 v0x145f9b660_0, 0;
    %jmp T_1.18;
T_1.17 ;
    %pushi/vec4 1, 0, 1;
    %assign/vec4 v0x145f9b520_0, 0;
    %pushi/vec4 0, 0, 8;
    %assign/vec4 v0x145f9b150_0, 0;
    %pushi/vec4 4, 0, 3;
    %assign/vec4 v0x145f9b660_0, 0;
T_1.18 ;
    %jmp T_1.6;
T_1.4 ;
    %pushi/vec4 0, 0, 3;
    %assign/vec4 v0x145f9b660_0, 0;
    %pushi/vec4 0, 0, 1;
    %assign/vec4 v0x145f9b520_0, 0;
    %jmp T_1.6;
T_1.6 ;
    %pop/vec4 1;
    %jmp T_1;
    .thread T_1;
    .scope S_0x145f9b7d0;
T_2 ;
    %pushi/vec4 0, 0, 3;
    %store/vec4 v0x145f9bfa0_0, 0, 3;
    %pushi/vec4 0, 0, 8;
    %store/vec4 v0x145f9be40_0, 0, 8;
    %pushi/vec4 0, 0, 3;
    %store/vec4 v0x145f9bda0_0, 0, 3;
    %pushi/vec4 0, 0, 8;
    %store/vec4 v0x145f9c260_0, 0, 8;
    %pushi/vec4 0, 0, 1;
    %store/vec4 v0x145f9c420_0, 0, 1;
    %pushi/vec4 0, 0, 1;
    %store/vec4 v0x145f9c120_0, 0, 1;
    %end;
    .thread T_2;
    .scope S_0x145f9b7d0;
T_3 ;
    %wait E_0x145f10880;
    %load/vec4 v0x145f9bfa0_0;
    %dup/vec4;
    %pushi/vec4 0, 0, 3;
    %cmp/u;
    %jmp/1 T_3.0, 6;
    %dup/vec4;
    %pushi/vec4 1, 0, 3;
    %cmp/u;
    %jmp/1 T_3.1, 6;
    %dup/vec4;
    %pushi/vec4 2, 0, 3;
    %cmp/u;
    %jmp/1 T_3.2, 6;
    %dup/vec4;
    %pushi/vec4 3, 0, 3;
    %cmp/u;
    %jmp/1 T_3.3, 6;
    %dup/vec4;
    %pushi/vec4 4, 0, 3;
    %cmp/u;
    %jmp/1 T_3.4, 6;
    %pushi/vec4 0, 0, 3;
    %assign/vec4 v0x145f9bfa0_0, 0;
    %jmp T_3.6;
T_3.0 ;
    %pushi/vec4 1, 0, 1;
    %assign/vec4 v0x145f9c560_0, 0;
    %pushi/vec4 0, 0, 1;
    %assign/vec4 v0x145f9c420_0, 0;
    %pushi/vec4 0, 0, 8;
    %assign/vec4 v0x145f9be40_0, 0;
    %pushi/vec4 0, 0, 3;
    %assign/vec4 v0x145f9bda0_0, 0;
    %load/vec4 v0x145f9c4c0_0;
    %cmpi/e 1, 0, 1;
    %jmp/0xz  T_3.7, 4;
    %pushi/vec4 1, 0, 1;
    %assign/vec4 v0x145f9c120_0, 0;
    %load/vec4 v0x145f9c1c0_0;
    %assign/vec4 v0x145f9c260_0, 0;
    %pushi/vec4 1, 0, 3;
    %assign/vec4 v0x145f9bfa0_0, 0;
    %jmp T_3.8;
T_3.7 ;
    %pushi/vec4 0, 0, 3;
    %assign/vec4 v0x145f9bfa0_0, 0;
T_3.8 ;
    %jmp T_3.6;
T_3.1 ;
    %pushi/vec4 0, 0, 1;
    %assign/vec4 v0x145f9c560_0, 0;
    %load/vec4 v0x145f9be40_0;
    %pad/u 32;
    %cmpi/u 216, 0, 32;
    %jmp/0xz  T_3.9, 5;
    %load/vec4 v0x145f9be40_0;
    %addi 1, 0, 8;
    %assign/vec4 v0x145f9be40_0, 0;
    %pushi/vec4 1, 0, 3;
    %assign/vec4 v0x145f9bfa0_0, 0;
    %jmp T_3.10;
T_3.9 ;
    %pushi/vec4 0, 0, 8;
    %assign/vec4 v0x145f9be40_0, 0;
    %pushi/vec4 2, 0, 3;
    %assign/vec4 v0x145f9bfa0_0, 0;
T_3.10 ;
    %jmp T_3.6;
T_3.2 ;
    %load/vec4 v0x145f9c260_0;
    %load/vec4 v0x145f9bda0_0;
    %part/u 1;
    %assign/vec4 v0x145f9c560_0, 0;
    %load/vec4 v0x145f9be40_0;
    %pad/u 32;
    %cmpi/u 216, 0, 32;
    %jmp/0xz  T_3.11, 5;
    %load/vec4 v0x145f9be40_0;
    %addi 1, 0, 8;
    %assign/vec4 v0x145f9be40_0, 0;
    %pushi/vec4 2, 0, 3;
    %assign/vec4 v0x145f9bfa0_0, 0;
    %jmp T_3.12;
T_3.11 ;
    %pushi/vec4 0, 0, 8;
    %assign/vec4 v0x145f9be40_0, 0;
    %load/vec4 v0x145f9bda0_0;
    %pad/u 32;
    %cmpi/u 7, 0, 32;
    %jmp/0xz  T_3.13, 5;
    %load/vec4 v0x145f9bda0_0;
    %addi 1, 0, 3;
    %assign/vec4 v0x145f9bda0_0, 0;
    %pushi/vec4 2, 0, 3;
    %assign/vec4 v0x145f9bfa0_0, 0;
    %jmp T_3.14;
T_3.13 ;
    %pushi/vec4 0, 0, 3;
    %assign/vec4 v0x145f9bda0_0, 0;
    %pushi/vec4 3, 0, 3;
    %assign/vec4 v0x145f9bfa0_0, 0;
T_3.14 ;
T_3.12 ;
    %jmp T_3.6;
T_3.3 ;
    %pushi/vec4 1, 0, 1;
    %assign/vec4 v0x145f9c560_0, 0;
    %load/vec4 v0x145f9be40_0;
    %pad/u 32;
    %cmpi/u 216, 0, 32;
    %jmp/0xz  T_3.15, 5;
    %load/vec4 v0x145f9be40_0;
    %addi 1, 0, 8;
    %assign/vec4 v0x145f9be40_0, 0;
    %pushi/vec4 3, 0, 3;
    %assign/vec4 v0x145f9bfa0_0, 0;
    %jmp T_3.16;
T_3.15 ;
    %pushi/vec4 1, 0, 1;
    %assign/vec4 v0x145f9c420_0, 0;
    %pushi/vec4 0, 0, 8;
    %assign/vec4 v0x145f9be40_0, 0;
    %pushi/vec4 4, 0, 3;
    %assign/vec4 v0x145f9bfa0_0, 0;
    %pushi/vec4 0, 0, 1;
    %assign/vec4 v0x145f9c120_0, 0;
T_3.16 ;
    %jmp T_3.6;
T_3.4 ;
    %pushi/vec4 1, 0, 1;
    %assign/vec4 v0x145f9c420_0, 0;
    %pushi/vec4 0, 0, 3;
    %assign/vec4 v0x145f9bfa0_0, 0;
    %jmp T_3.6;
T_3.6 ;
    %pop/vec4 1;
    %jmp T_3;
    .thread T_3;
    .scope S_0x145f085f0;
T_4 ;
    %pushi/vec4 0, 0, 7;
    %store/vec4 v0x145f8ffe0_0, 0, 7;
    %end;
    .thread T_4;
    .scope S_0x145f085f0;
T_5 ;
    %wait E_0x145f10880;
    %load/vec4 v0x145f8fe90_0;
    %dup/vec4;
    %pushi/vec4 0, 0, 4;
    %cmp/u;
    %jmp/1 T_5.0, 6;
    %dup/vec4;
    %pushi/vec4 1, 0, 4;
    %cmp/u;
    %jmp/1 T_5.1, 6;
    %dup/vec4;
    %pushi/vec4 2, 0, 4;
    %cmp/u;
    %jmp/1 T_5.2, 6;
    %dup/vec4;
    %pushi/vec4 3, 0, 4;
    %cmp/u;
    %jmp/1 T_5.3, 6;
    %dup/vec4;
    %pushi/vec4 4, 0, 4;
    %cmp/u;
    %jmp/1 T_5.4, 6;
    %dup/vec4;
    %pushi/vec4 5, 0, 4;
    %cmp/u;
    %jmp/1 T_5.5, 6;
    %dup/vec4;
    %pushi/vec4 6, 0, 4;
    %cmp/u;
    %jmp/1 T_5.6, 6;
    %dup/vec4;
    %pushi/vec4 7, 0, 4;
    %cmp/u;
    %jmp/1 T_5.7, 6;
    %dup/vec4;
    %pushi/vec4 8, 0, 4;
    %cmp/u;
    %jmp/1 T_5.8, 6;
    %dup/vec4;
    %pushi/vec4 9, 0, 4;
    %cmp/u;
    %jmp/1 T_5.9, 6;
    %dup/vec4;
    %pushi/vec4 10, 0, 4;
    %cmp/u;
    %jmp/1 T_5.10, 6;
    %dup/vec4;
    %pushi/vec4 11, 0, 4;
    %cmp/u;
    %jmp/1 T_5.11, 6;
    %dup/vec4;
    %pushi/vec4 12, 0, 4;
    %cmp/u;
    %jmp/1 T_5.12, 6;
    %dup/vec4;
    %pushi/vec4 13, 0, 4;
    %cmp/u;
    %jmp/1 T_5.13, 6;
    %dup/vec4;
    %pushi/vec4 14, 0, 4;
    %cmp/u;
    %jmp/1 T_5.14, 6;
    %dup/vec4;
    %pushi/vec4 15, 0, 4;
    %cmp/u;
    %jmp/1 T_5.15, 6;
    %pushi/vec4 0, 0, 7;
    %assign/vec4 v0x145f8ffe0_0, 0;
    %jmp T_5.17;
T_5.0 ;
    %pushi/vec4 126, 0, 7;
    %assign/vec4 v0x145f8ffe0_0, 0;
    %jmp T_5.17;
T_5.1 ;
    %pushi/vec4 48, 0, 7;
    %assign/vec4 v0x145f8ffe0_0, 0;
    %jmp T_5.17;
T_5.2 ;
    %pushi/vec4 109, 0, 7;
    %assign/vec4 v0x145f8ffe0_0, 0;
    %jmp T_5.17;
T_5.3 ;
    %pushi/vec4 121, 0, 7;
    %assign/vec4 v0x145f8ffe0_0, 0;
    %jmp T_5.17;
T_5.4 ;
    %pushi/vec4 51, 0, 7;
    %assign/vec4 v0x145f8ffe0_0, 0;
    %jmp T_5.17;
T_5.5 ;
    %pushi/vec4 91, 0, 7;
    %assign/vec4 v0x145f8ffe0_0, 0;
    %jmp T_5.17;
T_5.6 ;
    %pushi/vec4 95, 0, 7;
    %assign/vec4 v0x145f8ffe0_0, 0;
    %jmp T_5.17;
T_5.7 ;
    %pushi/vec4 112, 0, 7;
    %assign/vec4 v0x145f8ffe0_0, 0;
    %jmp T_5.17;
T_5.8 ;
    %pushi/vec4 127, 0, 7;
    %assign/vec4 v0x145f8ffe0_0, 0;
    %jmp T_5.17;
T_5.9 ;
    %pushi/vec4 123, 0, 7;
    %assign/vec4 v0x145f8ffe0_0, 0;
    %jmp T_5.17;
T_5.10 ;
    %pushi/vec4 119, 0, 7;
    %assign/vec4 v0x145f8ffe0_0, 0;
    %jmp T_5.17;
T_5.11 ;
    %pushi/vec4 31, 0, 7;
    %assign/vec4 v0x145f8ffe0_0, 0;
    %jmp T_5.17;
T_5.12 ;
    %pushi/vec4 78, 0, 7;
    %assign/vec4 v0x145f8ffe0_0, 0;
    %jmp T_5.17;
T_5.13 ;
    %pushi/vec4 61, 0, 7;
    %assign/vec4 v0x145f8ffe0_0, 0;
    %jmp T_5.17;
T_5.14 ;
    %pushi/vec4 79, 0, 7;
    %assign/vec4 v0x145f8ffe0_0, 0;
    %jmp T_5.17;
T_5.15 ;
    %pushi/vec4 71, 0, 7;
    %assign/vec4 v0x145f8ffe0_0, 0;
    %jmp T_5.17;
T_5.17 ;
    %pop/vec4 1;
    %jmp T_5;
    .thread T_5;
    .scope S_0x145f90660;
T_6 ;
    %pushi/vec4 0, 0, 7;
    %store/vec4 v0x145f90b00_0, 0, 7;
    %end;
    .thread T_6;
    .scope S_0x145f90660;
T_7 ;
    %wait E_0x145f10880;
    %load/vec4 v0x145f90990_0;
    %dup/vec4;
    %pushi/vec4 0, 0, 4;
    %cmp/u;
    %jmp/1 T_7.0, 6;
    %dup/vec4;
    %pushi/vec4 1, 0, 4;
    %cmp/u;
    %jmp/1 T_7.1, 6;
    %dup/vec4;
    %pushi/vec4 2, 0, 4;
    %cmp/u;
    %jmp/1 T_7.2, 6;
    %dup/vec4;
    %pushi/vec4 3, 0, 4;
    %cmp/u;
    %jmp/1 T_7.3, 6;
    %dup/vec4;
    %pushi/vec4 4, 0, 4;
    %cmp/u;
    %jmp/1 T_7.4, 6;
    %dup/vec4;
    %pushi/vec4 5, 0, 4;
    %cmp/u;
    %jmp/1 T_7.5, 6;
    %dup/vec4;
    %pushi/vec4 6, 0, 4;
    %cmp/u;
    %jmp/1 T_7.6, 6;
    %dup/vec4;
    %pushi/vec4 7, 0, 4;
    %cmp/u;
    %jmp/1 T_7.7, 6;
    %dup/vec4;
    %pushi/vec4 8, 0, 4;
    %cmp/u;
    %jmp/1 T_7.8, 6;
    %dup/vec4;
    %pushi/vec4 9, 0, 4;
    %cmp/u;
    %jmp/1 T_7.9, 6;
    %dup/vec4;
    %pushi/vec4 10, 0, 4;
    %cmp/u;
    %jmp/1 T_7.10, 6;
    %dup/vec4;
    %pushi/vec4 11, 0, 4;
    %cmp/u;
    %jmp/1 T_7.11, 6;
    %dup/vec4;
    %pushi/vec4 12, 0, 4;
    %cmp/u;
    %jmp/1 T_7.12, 6;
    %dup/vec4;
    %pushi/vec4 13, 0, 4;
    %cmp/u;
    %jmp/1 T_7.13, 6;
    %dup/vec4;
    %pushi/vec4 14, 0, 4;
    %cmp/u;
    %jmp/1 T_7.14, 6;
    %dup/vec4;
    %pushi/vec4 15, 0, 4;
    %cmp/u;
    %jmp/1 T_7.15, 6;
    %pushi/vec4 0, 0, 7;
    %assign/vec4 v0x145f90b00_0, 0;
    %jmp T_7.17;
T_7.0 ;
    %pushi/vec4 126, 0, 7;
    %assign/vec4 v0x145f90b00_0, 0;
    %jmp T_7.17;
T_7.1 ;
    %pushi/vec4 48, 0, 7;
    %assign/vec4 v0x145f90b00_0, 0;
    %jmp T_7.17;
T_7.2 ;
    %pushi/vec4 109, 0, 7;
    %assign/vec4 v0x145f90b00_0, 0;
    %jmp T_7.17;
T_7.3 ;
    %pushi/vec4 121, 0, 7;
    %assign/vec4 v0x145f90b00_0, 0;
    %jmp T_7.17;
T_7.4 ;
    %pushi/vec4 51, 0, 7;
    %assign/vec4 v0x145f90b00_0, 0;
    %jmp T_7.17;
T_7.5 ;
    %pushi/vec4 91, 0, 7;
    %assign/vec4 v0x145f90b00_0, 0;
    %jmp T_7.17;
T_7.6 ;
    %pushi/vec4 95, 0, 7;
    %assign/vec4 v0x145f90b00_0, 0;
    %jmp T_7.17;
T_7.7 ;
    %pushi/vec4 112, 0, 7;
    %assign/vec4 v0x145f90b00_0, 0;
    %jmp T_7.17;
T_7.8 ;
    %pushi/vec4 127, 0, 7;
    %assign/vec4 v0x145f90b00_0, 0;
    %jmp T_7.17;
T_7.9 ;
    %pushi/vec4 123, 0, 7;
    %assign/vec4 v0x145f90b00_0, 0;
    %jmp T_7.17;
T_7.10 ;
    %pushi/vec4 119, 0, 7;
    %assign/vec4 v0x145f90b00_0, 0;
    %jmp T_7.17;
T_7.11 ;
    %pushi/vec4 31, 0, 7;
    %assign/vec4 v0x145f90b00_0, 0;
    %jmp T_7.17;
T_7.12 ;
    %pushi/vec4 78, 0, 7;
    %assign/vec4 v0x145f90b00_0, 0;
    %jmp T_7.17;
T_7.13 ;
    %pushi/vec4 61, 0, 7;
    %assign/vec4 v0x145f90b00_0, 0;
    %jmp T_7.17;
T_7.14 ;
    %pushi/vec4 79, 0, 7;
    %assign/vec4 v0x145f90b00_0, 0;
    %jmp T_7.17;
T_7.15 ;
    %pushi/vec4 71, 0, 7;
    %assign/vec4 v0x145f90b00_0, 0;
    %jmp T_7.17;
T_7.17 ;
    %pop/vec4 1;
    %jmp T_7;
    .thread T_7;
    .scope S_0x145f9c690;
T_8 ;
    %pushi/vec4 0, 0, 10;
    %store/vec4 v0x145f9d5e0_0, 0, 10;
    %pushi/vec4 0, 0, 10;
    %store/vec4 v0x145f9d690_0, 0, 10;
    %end;
    .thread T_8;
    .scope S_0x145f9c690;
T_9 ;
    %wait E_0x145f10880;
    %load/vec4 v0x145f9d5e0_0;
    %pad/u 32;
    %cmpi/e 799, 0, 32;
    %jmp/0xz  T_9.0, 4;
    %pushi/vec4 0, 0, 10;
    %assign/vec4 v0x145f9d5e0_0, 0;
    %load/vec4 v0x145f9d690_0;
    %pad/u 32;
    %cmpi/e 524, 0, 32;
    %jmp/0xz  T_9.2, 4;
    %pushi/vec4 0, 0, 10;
    %assign/vec4 v0x145f9d690_0, 0;
    %jmp T_9.3;
T_9.2 ;
    %load/vec4 v0x145f9d690_0;
    %addi 1, 0, 10;
    %assign/vec4 v0x145f9d690_0, 0;
T_9.3 ;
    %jmp T_9.1;
T_9.0 ;
    %load/vec4 v0x145f9d5e0_0;
    %addi 1, 0, 10;
    %assign/vec4 v0x145f9d5e0_0, 0;
T_9.1 ;
    %jmp T_9;
    .thread T_9;
    .scope S_0x145f91790;
T_10 ;
    %pushi/vec4 0, 0, 1;
    %store/vec4 v0x145f91c30_0, 0, 1;
    %pushi/vec4 0, 0, 1;
    %store/vec4 v0x145f91d60_0, 0, 1;
    %pushi/vec4 0, 0, 10;
    %store/vec4 v0x145f91f60_0, 0, 10;
    %pushi/vec4 0, 0, 10;
    %store/vec4 v0x145f92090_0, 0, 10;
    %end;
    .thread T_10;
    .scope S_0x145f91790;
T_11 ;
    %wait E_0x145f10880;
    %load/vec4 v0x145f91cd0_0;
    %assign/vec4 v0x145f91d60_0, 0;
    %load/vec4 v0x145f91b80_0;
    %assign/vec4 v0x145f91c30_0, 0;
    %jmp T_11;
    .thread T_11;
    .scope S_0x145f91790;
T_12 ;
    %wait E_0x145f10880;
    %load/vec4 v0x145f91ff0_0;
    %cmpi/e 1, 0, 1;
    %jmp/0xz  T_12.0, 4;
    %pushi/vec4 0, 0, 10;
    %assign/vec4 v0x145f91f60_0, 0;
    %pushi/vec4 0, 0, 10;
    %assign/vec4 v0x145f92090_0, 0;
    %jmp T_12.1;
T_12.0 ;
    %load/vec4 v0x145f91f60_0;
    %pad/u 32;
    %cmpi/e 799, 0, 32;
    %jmp/0xz  T_12.2, 4;
    %load/vec4 v0x145f92090_0;
    %pad/u 32;
    %cmpi/e 524, 0, 32;
    %jmp/0xz  T_12.4, 4;
    %pushi/vec4 0, 0, 10;
    %assign/vec4 v0x145f92090_0, 0;
    %jmp T_12.5;
T_12.4 ;
    %load/vec4 v0x145f92090_0;
    %addi 1, 0, 10;
    %assign/vec4 v0x145f92090_0, 0;
T_12.5 ;
    %pushi/vec4 0, 0, 10;
    %assign/vec4 v0x145f91f60_0, 0;
    %jmp T_12.3;
T_12.2 ;
    %load/vec4 v0x145f91f60_0;
    %addi 1, 0, 10;
    %assign/vec4 v0x145f91f60_0, 0;
T_12.3 ;
T_12.1 ;
    %jmp T_12;
    .thread T_12;
    .scope S_0x145f91170;
T_13 ;
    %pushi/vec4 0, 0, 1;
    %store/vec4 v0x145f922d0_0, 0, 1;
    %pushi/vec4 0, 0, 1;
    %store/vec4 v0x145f924a0_0, 0, 1;
    %end;
    .thread T_13;
    .scope S_0x145f91170;
T_14 ;
    %wait E_0x145f10880;
    %load/vec4 v0x145f92570_0;
    %assign/vec4 v0x145f924a0_0, 0;
    %load/vec4 v0x145f92360_0;
    %assign/vec4 v0x145f922d0_0, 0;
    %jmp T_14;
    .thread T_14;
    .scope S_0x145f91170;
T_15 ;
    %wait E_0x145f10880;
    %load/vec4 v0x145f9a620_0;
    %dup/vec4;
    %pushi/vec4 0, 0, 4;
    %cmp/u;
    %jmp/1 T_15.0, 6;
    %dup/vec4;
    %pushi/vec4 1, 0, 4;
    %cmp/u;
    %jmp/1 T_15.1, 6;
    %dup/vec4;
    %pushi/vec4 2, 0, 4;
    %cmp/u;
    %jmp/1 T_15.2, 6;
    %dup/vec4;
    %pushi/vec4 3, 0, 4;
    %cmp/u;
    %jmp/1 T_15.3, 6;
    %dup/vec4;
    %pushi/vec4 4, 0, 4;
    %cmp/u;
    %jmp/1 T_15.4, 6;
    %dup/vec4;
    %pushi/vec4 5, 0, 4;
    %cmp/u;
    %jmp/1 T_15.5, 6;
    %dup/vec4;
    %pushi/vec4 6, 0, 4;
    %cmp/u;
    %jmp/1 T_15.6, 6;
    %ix/load 4, 0, 0;
    %flag_set/imm 4, 0;
    %load/vec4a v0x145f9a6d0, 4;
    %assign/vec4 v0x145f9a8f0_0, 0;
    %ix/load 4, 0, 0;
    %flag_set/imm 4, 0;
    %load/vec4a v0x145f9a400, 4;
    %assign/vec4 v0x145f9a1c0_0, 0;
    %ix/load 4, 0, 0;
    %flag_set/imm 4, 0;
    %load/vec4a v0x145f9a250, 4;
    %assign/vec4 v0x145f99fc0_0, 0;
    %jmp T_15.8;
T_15.0 ;
    %ix/load 4, 0, 0;
    %flag_set/imm 4, 0;
    %load/vec4a v0x145f9a6d0, 4;
    %assign/vec4 v0x145f9a8f0_0, 0;
    %ix/load 4, 0, 0;
    %flag_set/imm 4, 0;
    %load/vec4a v0x145f9a400, 4;
    %assign/vec4 v0x145f9a1c0_0, 0;
    %ix/load 4, 0, 0;
    %flag_set/imm 4, 0;
    %load/vec4a v0x145f9a250, 4;
    %assign/vec4 v0x145f99fc0_0, 0;
    %jmp T_15.8;
T_15.1 ;
    %ix/load 4, 1, 0;
    %flag_set/imm 4, 0;
    %load/vec4a v0x145f9a6d0, 4;
    %assign/vec4 v0x145f9a8f0_0, 0;
    %ix/load 4, 1, 0;
    %flag_set/imm 4, 0;
    %load/vec4a v0x145f9a400, 4;
    %assign/vec4 v0x145f9a1c0_0, 0;
    %ix/load 4, 1, 0;
    %flag_set/imm 4, 0;
    %load/vec4a v0x145f9a250, 4;
    %assign/vec4 v0x145f99fc0_0, 0;
    %jmp T_15.8;
T_15.2 ;
    %ix/load 4, 2, 0;
    %flag_set/imm 4, 0;
    %load/vec4a v0x145f9a6d0, 4;
    %assign/vec4 v0x145f9a8f0_0, 0;
    %ix/load 4, 2, 0;
    %flag_set/imm 4, 0;
    %load/vec4a v0x145f9a400, 4;
    %assign/vec4 v0x145f9a1c0_0, 0;
    %ix/load 4, 2, 0;
    %flag_set/imm 4, 0;
    %load/vec4a v0x145f9a250, 4;
    %assign/vec4 v0x145f99fc0_0, 0;
    %jmp T_15.8;
T_15.3 ;
    %ix/load 4, 3, 0;
    %flag_set/imm 4, 0;
    %load/vec4a v0x145f9a6d0, 4;
    %assign/vec4 v0x145f9a8f0_0, 0;
    %ix/load 4, 3, 0;
    %flag_set/imm 4, 0;
    %load/vec4a v0x145f9a400, 4;
    %assign/vec4 v0x145f9a1c0_0, 0;
    %ix/load 4, 3, 0;
    %flag_set/imm 4, 0;
    %load/vec4a v0x145f9a250, 4;
    %assign/vec4 v0x145f99fc0_0, 0;
    %jmp T_15.8;
T_15.4 ;
    %ix/load 4, 4, 0;
    %flag_set/imm 4, 0;
    %load/vec4a v0x145f9a6d0, 4;
    %assign/vec4 v0x145f9a8f0_0, 0;
    %ix/load 4, 4, 0;
    %flag_set/imm 4, 0;
    %load/vec4a v0x145f9a400, 4;
    %assign/vec4 v0x145f9a1c0_0, 0;
    %ix/load 4, 4, 0;
    %flag_set/imm 4, 0;
    %load/vec4a v0x145f9a250, 4;
    %assign/vec4 v0x145f99fc0_0, 0;
    %jmp T_15.8;
T_15.5 ;
    %ix/load 4, 5, 0;
    %flag_set/imm 4, 0;
    %load/vec4a v0x145f9a6d0, 4;
    %assign/vec4 v0x145f9a8f0_0, 0;
    %ix/load 4, 5, 0;
    %flag_set/imm 4, 0;
    %load/vec4a v0x145f9a400, 4;
    %assign/vec4 v0x145f9a1c0_0, 0;
    %ix/load 4, 5, 0;
    %flag_set/imm 4, 0;
    %load/vec4a v0x145f9a250, 4;
    %assign/vec4 v0x145f99fc0_0, 0;
    %jmp T_15.8;
T_15.6 ;
    %ix/load 4, 6, 0;
    %flag_set/imm 4, 0;
    %load/vec4a v0x145f9a6d0, 4;
    %assign/vec4 v0x145f9a8f0_0, 0;
    %ix/load 4, 6, 0;
    %flag_set/imm 4, 0;
    %load/vec4a v0x145f9a400, 4;
    %assign/vec4 v0x145f9a1c0_0, 0;
    %ix/load 4, 6, 0;
    %flag_set/imm 4, 0;
    %load/vec4a v0x145f9a250, 4;
    %assign/vec4 v0x145f99fc0_0, 0;
    %jmp T_15.8;
T_15.8 ;
    %pop/vec4 1;
    %jmp T_15;
    .thread T_15;
    .scope S_0x145f9e140;
T_16 ;
    %pushi/vec4 0, 0, 1;
    %store/vec4 v0x145f9e5e0_0, 0, 1;
    %pushi/vec4 0, 0, 1;
    %store/vec4 v0x145f9e700_0, 0, 1;
    %pushi/vec4 0, 0, 10;
    %store/vec4 v0x145f9e8c0_0, 0, 10;
    %pushi/vec4 0, 0, 10;
    %store/vec4 v0x145f9ea10_0, 0, 10;
    %end;
    .thread T_16;
    .scope S_0x145f9e140;
T_17 ;
    %wait E_0x145f10880;
    %load/vec4 v0x145f9e670_0;
    %assign/vec4 v0x145f9e700_0, 0;
    %load/vec4 v0x145f9e530_0;
    %assign/vec4 v0x145f9e5e0_0, 0;
    %jmp T_17;
    .thread T_17;
    .scope S_0x145f9e140;
T_18 ;
    %wait E_0x145f10880;
    %load/vec4 v0x145f9e970_0;
    %cmpi/e 1, 0, 1;
    %jmp/0xz  T_18.0, 4;
    %pushi/vec4 0, 0, 10;
    %assign/vec4 v0x145f9e8c0_0, 0;
    %pushi/vec4 0, 0, 10;
    %assign/vec4 v0x145f9ea10_0, 0;
    %jmp T_18.1;
T_18.0 ;
    %load/vec4 v0x145f9e8c0_0;
    %pad/u 32;
    %cmpi/e 799, 0, 32;
    %jmp/0xz  T_18.2, 4;
    %load/vec4 v0x145f9ea10_0;
    %pad/u 32;
    %cmpi/e 524, 0, 32;
    %jmp/0xz  T_18.4, 4;
    %pushi/vec4 0, 0, 10;
    %assign/vec4 v0x145f9ea10_0, 0;
    %jmp T_18.5;
T_18.4 ;
    %load/vec4 v0x145f9ea10_0;
    %addi 1, 0, 10;
    %assign/vec4 v0x145f9ea10_0, 0;
T_18.5 ;
    %pushi/vec4 0, 0, 10;
    %assign/vec4 v0x145f9e8c0_0, 0;
    %jmp T_18.3;
T_18.2 ;
    %load/vec4 v0x145f9e8c0_0;
    %addi 1, 0, 10;
    %assign/vec4 v0x145f9e8c0_0, 0;
T_18.3 ;
T_18.1 ;
    %jmp T_18;
    .thread T_18;
    .scope S_0x145f9d880;
T_19 ;
    %pushi/vec4 0, 0, 3;
    %store/vec4 v0x145f9f880_0, 0, 3;
    %pushi/vec4 0, 0, 3;
    %store/vec4 v0x145f9f5d0_0, 0, 3;
    %pushi/vec4 0, 0, 3;
    %store/vec4 v0x145f9f200_0, 0, 3;
    %end;
    .thread T_19;
    .scope S_0x145f9d880;
T_20 ;
    %wait E_0x145f10880;
    %load/vec4 v0x145f9f420_0;
    %pad/u 32;
    %cmpi/u 658, 0, 32;
    %jmp/1 T_20.2, 5;
    %flag_mov 8, 5;
    %load/vec4 v0x145f9f420_0;
    %pad/u 32;
    %cmpi/u 749, 0, 32;
    %flag_or 5, 4; GT is !LE
    %flag_inv 5;
    %flag_or 5, 8;
T_20.2;
    %jmp/0xz  T_20.0, 5;
    %pushi/vec4 1, 0, 1;
    %assign/vec4 v0x145f9ec30_0, 0;
    %jmp T_20.1;
T_20.0 ;
    %load/vec4 v0x145f9ecd0_0;
    %assign/vec4 v0x145f9ec30_0, 0;
T_20.1 ;
    %load/vec4 v0x145f9f930_0;
    %pad/u 32;
    %cmpi/u 490, 0, 32;
    %jmp/1 T_20.5, 5;
    %flag_mov 8, 5;
    %load/vec4 v0x145f9f930_0;
    %pad/u 32;
    %cmpi/u 491, 0, 32;
    %flag_or 5, 4; GT is !LE
    %flag_inv 5;
    %flag_or 5, 8;
T_20.5;
    %jmp/0xz  T_20.3, 5;
    %pushi/vec4 1, 0, 1;
    %assign/vec4 v0x145f9ef00_0, 0;
    %jmp T_20.4;
T_20.3 ;
    %load/vec4 v0x145f9ef90_0;
    %assign/vec4 v0x145f9ef00_0, 0;
T_20.4 ;
    %jmp T_20;
    .thread T_20;
    .scope S_0x145f9d880;
T_21 ;
    %wait E_0x145f10880;
    %load/vec4 v0x145f9f660_0;
    %assign/vec4 v0x145f9f880_0, 0;
    %load/vec4 v0x145f9f4b0_0;
    %assign/vec4 v0x145f9f5d0_0, 0;
    %load/vec4 v0x145f9f040_0;
    %assign/vec4 v0x145f9f200_0, 0;
    %load/vec4 v0x145f9f880_0;
    %assign/vec4 v0x145f9f6f0_0, 0;
    %load/vec4 v0x145f9f5d0_0;
    %assign/vec4 v0x145f9f540_0, 0;
    %load/vec4 v0x145f9f200_0;
    %assign/vec4 v0x145f9f0f0_0, 0;
    %jmp T_21;
    .thread T_21;
    .scope S_0x145f60690;
T_22 ;
    %pushi/vec4 0, 0, 4;
    %store/vec4 v0x145fa00c0_0, 0, 4;
    %end;
    .thread T_22;
    .scope S_0x145f60690;
T_23 ;
    %wait E_0x145f10880;
    %load/vec4 v0x145fa05f0_0;
    %cmpi/e 1, 0, 1;
    %jmp/0xz  T_23.0, 4;
    %load/vec4 v0x145fa0fd0_0;
    %parti/s 4, 0, 2;
    %assign/vec4 v0x145fa00c0_0, 0;
T_23.0 ;
    %jmp T_23;
    .thread T_23;
# The file index is used to find the file name in the following table.
:file_names 10;
    "N/A";
    "<interactive>";
    "VGA_Pattern_Generator_Top.v";
    "Binary_To_7Segment.v";
    "Test_Pattern_Gen.v";
    "Sync_Count.v";
    "UART_RX.v";
    "UART_TX.v";
    "VGA_Sync_Pulse.v";
    "VGA_Sync_Porch.v";
